TN:
SF:content/gmail-manager.js
FN:6,(anonymous_0)
FN:8,(anonymous_1)
FN:11,(anonymous_2)
FN:29,(anonymous_3)
FN:34,(anonymous_4)
FN:86,(anonymous_5)
FN:109,(anonymous_6)
FN:113,(anonymous_7)
FN:123,(anonymous_8)
FN:139,(anonymous_9)
FN:163,(anonymous_10)
FN:195,(anonymous_11)
FN:197,(anonymous_12)
FN:197,(anonymous_13)
FN:200,(anonymous_14)
FN:218,(anonymous_15)
FN:248,(anonymous_16)
FNF:17
FNH:0
FNDA:0,(anonymous_0)
FNDA:0,(anonymous_1)
FNDA:0,(anonymous_2)
FNDA:0,(anonymous_3)
FNDA:0,(anonymous_4)
FNDA:0,(anonymous_5)
FNDA:0,(anonymous_6)
FNDA:0,(anonymous_7)
FNDA:0,(anonymous_8)
FNDA:0,(anonymous_9)
FNDA:0,(anonymous_10)
FNDA:0,(anonymous_11)
FNDA:0,(anonymous_12)
FNDA:0,(anonymous_13)
FNDA:0,(anonymous_14)
FNDA:0,(anonymous_15)
FNDA:0,(anonymous_16)
DA:2,0
DA:7,0
DA:8,0
DA:9,0
DA:11,0
DA:15,0
DA:16,0
DA:17,0
DA:20,0
DA:21,0
DA:23,0
DA:24,0
DA:30,0
DA:31,0
DA:35,0
DA:36,0
DA:37,0
DA:41,0
DA:42,0
DA:45,0
DA:58,0
DA:67,0
DA:68,0
DA:69,0
DA:72,0
DA:74,0
DA:76,0
DA:77,0
DA:79,0
DA:81,0
DA:87,0
DA:89,0
DA:92,0
DA:94,0
DA:95,0
DA:98,0
DA:99,0
DA:102,0
DA:109,0
DA:113,0
DA:114,0
DA:117,0
DA:118,0
DA:121,0
DA:122,0
DA:123,0
DA:125,0
DA:126,0
DA:131,0
DA:134,0
DA:135,0
DA:141,0
DA:144,0
DA:147,0
DA:162,0
DA:163,0
DA:164,0
DA:165,0
DA:166,0
DA:167,0
DA:168,0
DA:169,0
DA:172,0
DA:173,0
DA:174,0
DA:175,0
DA:176,0
DA:183,0
DA:186,0
DA:189,0
DA:197,0
DA:200,0
DA:202,0
DA:208,0
DA:217,0
DA:218,0
DA:222,0
DA:249,0
DA:250,0
DA:251,0
DA:254,0
DA:262,0
DA:263,0
DA:264,0
DA:267,0
DA:269,0
DA:271,0
DA:272,0
DA:274,0
DA:276,0
DA:282,0
DA:283,0
LF:92
LH:0
BRDA:15,0,0,0
BRDA:15,0,1,0
BRDA:34,1,0,0
BRDA:36,2,0,0
BRDA:36,2,1,0
BRDA:52,3,0,0
BRDA:52,3,1,0
BRDA:67,4,0,0
BRDA:67,4,1,0
BRDA:69,5,0,0
BRDA:69,5,1,0
BRDA:74,6,0,0
BRDA:74,6,1,0
BRDA:74,7,0,0
BRDA:74,7,1,0
BRDA:86,8,0,0
BRDA:92,9,0,0
BRDA:92,9,1,0
BRDA:99,10,0,0
BRDA:99,10,1,0
BRDA:114,11,0,0
BRDA:114,11,1,0
BRDA:117,12,0,0
BRDA:117,12,1,0
BRDA:125,13,0,0
BRDA:125,13,1,0
BRDA:139,14,0,0
BRDA:149,15,0,0
BRDA:149,15,1,0
BRDA:149,16,0,0
BRDA:149,16,1,0
BRDA:162,17,0,0
BRDA:162,17,1,0
BRDA:162,18,0,0
BRDA:162,18,1,0
BRDA:164,19,0,0
BRDA:164,19,1,0
BRDA:166,20,0,0
BRDA:166,20,1,0
BRDA:250,21,0,0
BRDA:250,21,1,0
BRDA:262,22,0,0
BRDA:262,22,1,0
BRDA:264,23,0,0
BRDA:264,23,1,0
BRDA:269,24,0,0
BRDA:269,24,1,0
BRDA:269,25,0,0
BRDA:269,25,1,0
BRDA:282,26,0,0
BRDA:282,26,1,0
BRDA:282,27,0,0
BRDA:282,27,1,0
BRF:53
BRH:0
end_of_record
