TN:
SF:background.js
FN:15,testApolloAPIKey
FN:54,enrichPersonWithApollo
FN:177,(anonymous_2)
FN:183,(anonymous_3)
FN:189,(anonymous_4)
FN:199,(anonymous_5)
FN:213,(anonymous_6)
FN:214,(anonymous_7)
FN:227,(anonymous_8)
FN:242,(anonymous_9)
FN:263,(anonymous_10)
FN:266,(anonymous_11)
FN:282,(anonymous_12)
FN:283,(anonymous_13)
FN:290,(anonymous_14)
FN:302,(anonymous_15)
FN:311,(anonymous_16)
FN:314,(anonymous_17)
FNF:18
FNH:0
FNDA:0,testApolloAPIKey
FNDA:0,enrichPersonWithApollo
FNDA:0,(anonymous_2)
FNDA:0,(anonymous_3)
FNDA:0,(anonymous_4)
FNDA:0,(anonymous_5)
FNDA:0,(anonymous_6)
FNDA:0,(anonymous_7)
FNDA:0,(anonymous_8)
FNDA:0,(anonymous_9)
FNDA:0,(anonymous_10)
FNDA:0,(anonymous_11)
FNDA:0,(anonymous_12)
FNDA:0,(anonymous_13)
FNDA:0,(anonymous_14)
FNDA:0,(anonymous_15)
FNDA:0,(anonymous_16)
FNDA:0,(anonymous_17)
DA:4,0
DA:11,0
DA:12,0
DA:16,0
DA:17,0
DA:20,0
DA:21,0
DA:22,0
DA:23,0
DA:25,0
DA:35,0
DA:37,0
DA:38,0
DA:39,0
DA:40,0
DA:43,0
DA:44,0
DA:45,0
DA:48,0
DA:49,0
DA:55,0
DA:56,0
DA:59,0
DA:62,0
DA:63,0
DA:64,0
DA:65,0
DA:66,0
DA:70,0
DA:72,0
DA:75,0
DA:76,0
DA:78,0
DA:79,0
DA:80,0
DA:84,0
DA:90,0
DA:91,0
DA:95,0
DA:96,0
DA:100,0
DA:104,0
DA:106,0
DA:110,0
DA:111,0
DA:115,0
DA:116,0
DA:118,0
DA:120,0
DA:121,0
DA:122,0
DA:124,0
DA:134,0
DA:136,0
DA:137,0
DA:138,0
DA:139,0
DA:140,0
DA:142,0
DA:143,0
DA:145,0
DA:148,0
DA:149,0
DA:152,0
DA:153,0
DA:160,0
DA:168,0
DA:169,0
DA:177,0
DA:178,0
DA:180,0
DA:183,0
DA:184,0
DA:186,0
DA:189,0
DA:190,0
DA:191,0
DA:195,0
DA:198,0
DA:199,0
DA:200,0
DA:201,0
DA:202,0
DA:206,0
DA:210,0
DA:213,0
DA:215,0
DA:216,0
DA:220,0
DA:222,0
DA:228,0
DA:229,0
DA:235,0
DA:238,0
DA:239,0
DA:240,0
DA:242,0
DA:243,0
DA:244,0
DA:245,0
DA:250,0
DA:253,0
DA:254,0
DA:257,0
DA:261,0
DA:262,0
DA:264,0
DA:267,0
DA:268,0
DA:274,0
DA:278,0
DA:279,0
DA:281,0
DA:283,0
DA:284,0
DA:285,0
DA:286,0
DA:287,0
DA:291,0
DA:292,0
DA:295,0
DA:297,0
DA:301,0
DA:302,0
DA:303,0
DA:305,0
DA:309,0
DA:310,0
DA:312,0
DA:315,0
DA:316,0
DA:318,0
LF:132
LH:0
BRDA:37,0,0,0
BRDA:37,0,1,0
BRDA:62,1,0,0
BRDA:62,1,1,0
BRDA:62,2,0,0
BRDA:62,2,1,0
BRDA:65,3,0,0
BRDA:65,3,1,0
BRDA:70,4,0,0
BRDA:70,4,1,0
BRDA:76,5,0,0
BRDA:76,5,1,0
BRDA:76,6,0,0
BRDA:76,6,1,0
BRDA:76,6,2,0
BRDA:79,7,0,0
BRDA:79,7,1,0
BRDA:90,8,0,0
BRDA:90,8,1,0
BRDA:95,9,0,0
BRDA:95,9,1,0
BRDA:104,10,0,0
BRDA:104,10,1,0
BRDA:110,11,0,0
BRDA:110,11,1,0
BRDA:134,12,0,0
BRDA:134,12,1,0
BRDA:139,13,0,0
BRDA:139,13,1,0
BRDA:139,13,2,0
BRDA:152,14,0,0
BRDA:152,14,1,0
BRDA:152,15,0,0
BRDA:152,15,1,0
BRDA:171,16,0,0
BRDA:171,16,1,0
BRDA:190,17,0,0
BRDA:190,17,1,0
BRDA:198,18,0,0
BRDA:198,18,1,0
BRDA:200,19,0,0
BRDA:200,19,1,0
BRDA:218,20,0,0
BRDA:218,20,1,0
BRDA:238,21,0,0
BRDA:238,21,1,0
BRDA:239,22,0,0
BRDA:239,22,1,0
BRDA:239,23,0,0
BRDA:239,23,1,0
BRDA:243,24,0,0
BRDA:243,24,1,0
BRDA:261,25,0,0
BRDA:261,25,1,0
BRDA:278,26,0,0
BRDA:278,26,1,0
BRDA:279,27,0,0
BRDA:279,27,1,0
BRDA:301,28,0,0
BRDA:301,28,1,0
BRDA:309,29,0,0
BRDA:309,29,1,0
BRF:62
BRH:0
end_of_record
TN:
SF:dashboard.js
FN:1,formatDate
FN:21,(anonymous_1)
FN:52,(anonymous_2)
FN:69,(anonymous_3)
FN:70,(anonymous_4)
FN:75,(anonymous_5)
FN:76,(anonymous_6)
FN:103,(anonymous_7)
FN:113,(anonymous_8)
FN:124,(anonymous_9)
FN:126,(anonymous_10)
FN:135,(anonymous_11)
FN:140,(anonymous_12)
FN:154,createExperienceCard
FN:182,(anonymous_14)
FN:184,(anonymous_15)
FN:197,updateExperienceCounts
FN:199,(anonymous_17)
FN:207,checkExperienceLimit
FN:218,(anonymous_19)
FN:228,collectExperiencesData
FN:232,(anonymous_21)
FN:258,addSkill
FN:289,(anonymous_23)
FN:310,removeSkill
FN:311,(anonymous_25)
FN:315,updateSkillsDisplay
FN:326,(anonymous_27)
FN:338,updateAttachmentsList
FN:352,(anonymous_29)
FN:378,(anonymous_30)
FN:389,initializeTemplatesManagement
FN:402,(anonymous_32)
FN:410,(anonymous_33)
FN:438,(anonymous_34)
FN:446,readFileAsBase64
FN:447,(anonymous_36)
FN:450,(anonymous_37)
FN:456,(anonymous_38)
FN:465,(anonymous_39)
FN:509,(anonymous_40)
FN:525,(anonymous_41)
FN:533,(anonymous_42)
FN:545,(anonymous_43)
FN:554,(anonymous_44)
FN:574,(anonymous_45)
FN:601,(anonymous_46)
FN:631,updateSidebarTemplates
FN:643,(anonymous_48)
FN:654,(anonymous_49)
FN:656,(anonymous_50)
FN:664,(anonymous_51)
FN:673,(anonymous_52)
FN:690,loadTemplateForEditing
FN:723,resetTemplateForm
FN:749,saveTemplates
FN:762,(anonymous_56)
FN:772,(anonymous_57)
FN:781,(anonymous_58)
FN:801,(anonymous_59)
FN:848,(anonymous_60)
FN:854,(anonymous_61)
FN:867,loadEmailHistory
FN:877,(anonymous_63)
FN:891,(anonymous_64)
FN:898,(anonymous_65)
FN:922,(anonymous_66)
FN:923,(anonymous_67)
FN:930,showEmailDetails
FN:935,(anonymous_69)
FN:957,(anonymous_70)
FN:998,(anonymous_71)
FN:1024,showError
FN:1028,showSuccess
FN:1033,escapeHtml
FN:1045,(anonymous_75)
FN:1050,(anonymous_76)
FN:1068,(anonymous_77)
FN:1077,(anonymous_78)
FN:1110,(anonymous_79)
FN:1118,initEmojiPicker
FN:1134,populateEmojis
FN:1136,(anonymous_82)
FN:1140,(anonymous_83)
FN:1166,(anonymous_84)
FN:1172,(anonymous_85)
FNF:86
FNH:0
FNDA:0,formatDate
FNDA:0,(anonymous_1)
FNDA:0,(anonymous_2)
FNDA:0,(anonymous_3)
FNDA:0,(anonymous_4)
FNDA:0,(anonymous_5)
FNDA:0,(anonymous_6)
FNDA:0,(anonymous_7)
FNDA:0,(anonymous_8)
FNDA:0,(anonymous_9)
FNDA:0,(anonymous_10)
FNDA:0,(anonymous_11)
FNDA:0,(anonymous_12)
FNDA:0,createExperienceCard
FNDA:0,(anonymous_14)
FNDA:0,(anonymous_15)
FNDA:0,updateExperienceCounts
FNDA:0,(anonymous_17)
FNDA:0,checkExperienceLimit
FNDA:0,(anonymous_19)
FNDA:0,collectExperiencesData
FNDA:0,(anonymous_21)
FNDA:0,addSkill
FNDA:0,(anonymous_23)
FNDA:0,removeSkill
FNDA:0,(anonymous_25)
FNDA:0,updateSkillsDisplay
FNDA:0,(anonymous_27)
FNDA:0,updateAttachmentsList
FNDA:0,(anonymous_29)
FNDA:0,(anonymous_30)
FNDA:0,initializeTemplatesManagement
FNDA:0,(anonymous_32)
FNDA:0,(anonymous_33)
FNDA:0,(anonymous_34)
FNDA:0,readFileAsBase64
FNDA:0,(anonymous_36)
FNDA:0,(anonymous_37)
FNDA:0,(anonymous_38)
FNDA:0,(anonymous_39)
FNDA:0,(anonymous_40)
FNDA:0,(anonymous_41)
FNDA:0,(anonymous_42)
FNDA:0,(anonymous_43)
FNDA:0,(anonymous_44)
FNDA:0,(anonymous_45)
FNDA:0,(anonymous_46)
FNDA:0,updateSidebarTemplates
FNDA:0,(anonymous_48)
FNDA:0,(anonymous_49)
FNDA:0,(anonymous_50)
FNDA:0,(anonymous_51)
FNDA:0,(anonymous_52)
FNDA:0,loadTemplateForEditing
FNDA:0,resetTemplateForm
FNDA:0,saveTemplates
FNDA:0,(anonymous_56)
FNDA:0,(anonymous_57)
FNDA:0,(anonymous_58)
FNDA:0,(anonymous_59)
FNDA:0,(anonymous_60)
FNDA:0,(anonymous_61)
FNDA:0,loadEmailHistory
FNDA:0,(anonymous_63)
FNDA:0,(anonymous_64)
FNDA:0,(anonymous_65)
FNDA:0,(anonymous_66)
FNDA:0,(anonymous_67)
FNDA:0,showEmailDetails
FNDA:0,(anonymous_69)
FNDA:0,(anonymous_70)
FNDA:0,(anonymous_71)
FNDA:0,showError
FNDA:0,showSuccess
FNDA:0,escapeHtml
FNDA:0,(anonymous_75)
FNDA:0,(anonymous_76)
FNDA:0,(anonymous_77)
FNDA:0,(anonymous_78)
FNDA:0,(anonymous_79)
FNDA:0,initEmojiPicker
FNDA:0,populateEmojis
FNDA:0,(anonymous_82)
FNDA:0,(anonymous_83)
FNDA:0,(anonymous_84)
FNDA:0,(anonymous_85)
DA:2,0
DA:3,0
DA:5,0
DA:6,0
DA:7,0
DA:9,0
DA:10,0
DA:11,0
DA:12,0
DA:13,0
DA:14,0
DA:16,0
DA:21,0
DA:22,0
DA:23,0
DA:24,0
DA:25,0
DA:26,0
DA:27,0
DA:28,0
DA:29,0
DA:30,0
DA:31,0
DA:32,0
DA:35,0
DA:36,0
DA:37,0
DA:38,0
DA:40,0
DA:41,0
DA:42,0
DA:43,0
DA:47,0
DA:48,0
DA:49,0
DA:52,0
DA:53,0
DA:54,0
DA:55,0
DA:56,0
DA:57,0
DA:60,0
DA:65,0
DA:69,0
DA:70,0
DA:71,0
DA:72,0
DA:75,0
DA:76,0
DA:79,0
DA:83,0
DA:84,0
DA:85,0
DA:86,0
DA:87,0
DA:88,0
DA:91,0
DA:94,0
DA:95,0
DA:97,0
DA:98,0
DA:101,0
DA:102,0
DA:103,0
DA:104,0
DA:105,0
DA:106,0
DA:112,0
DA:113,0
DA:114,0
DA:118,0
DA:124,0
DA:125,0
DA:126,0
DA:127,0
DA:128,0
DA:129,0
DA:135,0
DA:136,0
DA:140,0
DA:141,0
DA:142,0
DA:147,0
DA:148,0
DA:149,0
DA:150,0
DA:151,0
DA:155,0
DA:156,0
DA:157,0
DA:159,0
DA:180,0
DA:181,0
DA:182,0
DA:183,0
DA:184,0
DA:185,0
DA:186,0
DA:187,0
DA:188,0
DA:193,0
DA:198,0
DA:199,0
DA:200,0
DA:201,0
DA:202,0
DA:208,0
DA:209,0
DA:210,0
DA:212,0
DA:213,0
DA:218,0
DA:219,0
DA:220,0
DA:221,0
DA:222,0
DA:223,0
DA:229,0
DA:230,0
DA:232,0
DA:233,0
DA:234,0
DA:241,0
DA:242,0
DA:246,0
DA:250,0
DA:251,0
DA:252,0
DA:253,0
DA:254,0
DA:255,0
DA:259,0
DA:261,0
DA:262,0
DA:266,0
DA:267,0
DA:268,0
DA:272,0
DA:273,0
DA:274,0
DA:278,0
DA:281,0
DA:282,0
DA:283,0
DA:289,0
DA:290,0
DA:291,0
DA:292,0
DA:293,0
DA:297,0
DA:300,0
DA:303,0
DA:306,0
DA:311,0
DA:316,0
DA:317,0
DA:319,0
DA:324,0
DA:326,0
DA:327,0
DA:328,0
DA:329,0
DA:334,0
DA:335,0
DA:339,0
DA:340,0
DA:343,0
DA:345,0
DA:347,0
DA:348,0
DA:352,0
DA:353,0
DA:354,0
DA:357,0
DA:358,0
DA:362,0
DA:376,0
DA:377,0
DA:378,0
DA:379,0
DA:380,0
DA:381,0
DA:385,0
DA:390,0
DA:393,0
DA:396,0
DA:397,0
DA:398,0
DA:401,0
DA:402,0
DA:403,0
DA:408,0
DA:409,0
DA:410,0
DA:411,0
DA:412,0
DA:414,0
DA:415,0
DA:416,0
DA:419,0
DA:420,0
DA:423,0
DA:426,0
DA:429,0
DA:432,0
DA:435,0
DA:438,0
DA:439,0
DA:447,0
DA:448,0
DA:450,0
DA:452,0
DA:453,0
DA:456,0
DA:457,0
DA:460,0
DA:464,0
DA:465,0
DA:466,0
DA:468,0
DA:471,0
DA:472,0
DA:473,0
DA:474,0
DA:478,0
DA:479,0
DA:480,0
DA:481,0
DA:484,0
DA:486,0
DA:489,0
DA:497,0
DA:500,0
DA:502,0
DA:503,0
DA:509,0
DA:510,0
DA:511,0
DA:512,0
DA:513,0
DA:514,0
DA:516,0
DA:517,0
DA:518,0
DA:523,0
DA:524,0
DA:525,0
DA:527,0
DA:528,0
DA:529,0
DA:533,0
DA:534,0
DA:536,0
DA:537,0
DA:538,0
DA:542,0
DA:545,0
DA:546,0
DA:552,0
DA:553,0
DA:554,0
DA:555,0
DA:557,0
DA:558,0
DA:559,0
DA:560,0
DA:562,0
DA:563,0
DA:564,0
DA:567,0
DA:569,0
DA:571,0
DA:574,0
DA:575,0
DA:576,0
DA:577,0
DA:581,0
DA:590,0
DA:593,0
DA:596,0
DA:598,0
DA:601,0
DA:602,0
DA:603,0
DA:607,0
DA:616,0
DA:619,0
DA:622,0
DA:624,0
DA:632,0
DA:633,0
DA:634,0
DA:635,0
DA:636,0
DA:640,0
DA:643,0
DA:644,0
DA:645,0
DA:646,0
DA:648,0
DA:654,0
DA:656,0
DA:657,0
DA:661,0
DA:664,0
DA:665,0
DA:667,0
DA:668,0
DA:669,0
DA:673,0
DA:674,0
DA:676,0
DA:677,0
DA:678,0
DA:682,0
DA:685,0
DA:691,0
DA:692,0
DA:693,0
DA:694,0
DA:695,0
DA:696,0
DA:697,0
DA:698,0
DA:701,0
DA:702,0
DA:703,0
DA:704,0
DA:707,0
DA:708,0
DA:711,0
DA:712,0
DA:715,0
DA:716,0
DA:719,0
DA:724,0
DA:725,0
DA:726,0
DA:727,0
DA:728,0
DA:729,0
DA:730,0
DA:733,0
DA:734,0
DA:737,0
DA:738,0
DA:741,0
DA:744,0
DA:745,0
DA:751,0
DA:752,0
DA:754,0
DA:755,0
DA:756,0
DA:757,0
DA:760,0
DA:762,0
DA:763,0
DA:766,0
DA:769,0
DA:770,0
DA:772,0
DA:773,0
DA:775,0
DA:781,0
DA:782,0
DA:784,0
DA:785,0
DA:786,0
DA:788,0
DA:789,0
DA:790,0
DA:793,0
DA:795,0
DA:798,0
DA:801,0
DA:802,0
DA:805,0
DA:806,0
DA:807,0
DA:808,0
DA:809,0
DA:811,0
DA:813,0
DA:814,0
DA:815,0
DA:818,0
DA:820,0
DA:821,0
DA:825,0
DA:836,0
DA:839,0
DA:845,0
DA:846,0
DA:848,0
DA:850,0
DA:853,0
DA:854,0
DA:855,0
DA:861,0
DA:862,0
DA:863,0
DA:868,0
DA:870,0
DA:871,0
DA:872,0
DA:876,0
DA:878,0
DA:885,0
DA:886,0
DA:887,0
DA:891,0
DA:892,0
DA:896,0
DA:898,0
DA:899,0
DA:900,0
DA:907,0
DA:919,0
DA:922,0
DA:923,0
DA:924,0
DA:925,0
DA:931,0
DA:933,0
DA:934,0
DA:935,0
DA:936,0
DA:945,0
DA:956,0
DA:957,0
DA:960,0
DA:992,0
DA:993,0
DA:996,0
DA:997,0
DA:998,0
DA:999,0
DA:1001,0
DA:1002,0
DA:1003,0
DA:1005,0
DA:1008,0
DA:1011,0
DA:1014,0
DA:1017,0
DA:1025,0
DA:1029,0
DA:1034,0
DA:1035,0
DA:1044,0
DA:1045,0
DA:1046,0
DA:1047,0
DA:1049,0
DA:1050,0
DA:1051,0
DA:1052,0
DA:1053,0
DA:1055,0
DA:1058,0
DA:1059,0
DA:1060,0
DA:1064,0
DA:1065,0
DA:1068,0
DA:1069,0
DA:1070,0
DA:1071,0
DA:1077,0
DA:1078,0
DA:1079,0
DA:1080,0
DA:1081,0
DA:1085,0
DA:1088,0
DA:1094,0
DA:1095,0
DA:1096,0
DA:1100,0
DA:1103,0
DA:1106,0
DA:1107,0
DA:1109,0
DA:1110,0
DA:1111,0
DA:1112,0
DA:1119,0
DA:1120,0
DA:1121,0
DA:1122,0
DA:1123,0
DA:1126,0
DA:1135,0
DA:1136,0
DA:1137,0
DA:1138,0
DA:1139,0
DA:1140,0
DA:1141,0
DA:1142,0
DA:1145,0
DA:1146,0
DA:1148,0
DA:1149,0
DA:1150,0
DA:1152,0
DA:1154,0
DA:1158,0
DA:1163,0
DA:1166,0
DA:1167,0
DA:1168,0
DA:1172,0
DA:1173,0
DA:1174,0
LF:516
LH:0
BRDA:9,0,0,0
BRDA:9,0,1,0
BRDA:11,1,0,0
BRDA:11,1,1,0
BRDA:13,2,0,0
BRDA:13,2,1,0
BRDA:40,3,0,0
BRDA:40,3,1,0
BRDA:47,4,0,0
BRDA:47,4,1,0
BRDA:54,5,0,0
BRDA:54,5,1,0
BRDA:55,6,0,0
BRDA:55,6,1,0
BRDA:56,7,0,0
BRDA:56,7,1,0
BRDA:57,8,0,0
BRDA:57,8,1,0
BRDA:83,9,0,0
BRDA:83,9,1,0
BRDA:85,10,0,0
BRDA:85,10,1,0
BRDA:87,11,0,0
BRDA:87,11,1,0
BRDA:97,12,0,0
BRDA:97,12,1,0
BRDA:101,13,0,0
BRDA:101,13,1,0
BRDA:105,14,0,0
BRDA:105,14,1,0
BRDA:112,15,0,0
BRDA:112,15,1,0
BRDA:128,16,0,0
BRDA:128,16,1,0
BRDA:141,17,0,0
BRDA:141,17,1,0
BRDA:154,18,0,0
BRDA:165,19,0,0
BRDA:165,19,1,0
BRDA:169,20,0,0
BRDA:169,20,1,0
BRDA:174,21,0,0
BRDA:174,21,1,0
BRDA:181,22,0,0
BRDA:181,22,1,0
BRDA:208,23,0,0
BRDA:208,23,1,0
BRDA:219,24,0,0
BRDA:219,24,1,0
BRDA:241,25,0,0
BRDA:241,25,1,0
BRDA:241,26,0,0
BRDA:241,26,1,0
BRDA:241,26,2,0
BRDA:261,27,0,0
BRDA:261,27,1,0
BRDA:266,28,0,0
BRDA:266,28,1,0
BRDA:272,29,0,0
BRDA:272,29,1,0
BRDA:316,30,0,0
BRDA:316,30,1,0
BRDA:327,31,0,0
BRDA:327,31,1,0
BRDA:340,32,0,0
BRDA:340,32,1,0
BRDA:345,33,0,0
BRDA:345,33,1,0
BRDA:345,34,0,0
BRDA:345,34,1,0
BRDA:358,35,0,0
BRDA:358,35,1,0
BRDA:377,36,0,0
BRDA:377,36,1,0
BRDA:401,37,0,0
BRDA:401,37,1,0
BRDA:401,38,0,0
BRDA:401,38,1,0
BRDA:409,39,0,0
BRDA:409,39,1,0
BRDA:414,40,0,0
BRDA:414,40,1,0
BRDA:419,41,0,0
BRDA:419,41,1,0
BRDA:464,42,0,0
BRDA:464,42,1,0
BRDA:464,43,0,0
BRDA:464,43,1,0
BRDA:466,44,0,0
BRDA:466,44,1,0
BRDA:466,45,0,0
BRDA:466,45,1,0
BRDA:471,46,0,0
BRDA:471,46,1,0
BRDA:478,47,0,0
BRDA:478,47,1,0
BRDA:511,48,0,0
BRDA:511,48,1,0
BRDA:511,49,0,0
BRDA:511,49,1,0
BRDA:511,49,2,0
BRDA:524,50,0,0
BRDA:524,50,1,0
BRDA:527,51,0,0
BRDA:527,51,1,0
BRDA:537,52,0,0
BRDA:537,52,1,0
BRDA:553,53,0,0
BRDA:553,53,1,0
BRDA:562,54,0,0
BRDA:562,54,1,0
BRDA:562,55,0,0
BRDA:562,55,1,0
BRDA:569,56,0,0
BRDA:569,56,1,0
BRDA:574,57,0,0
BRDA:574,57,1,0
BRDA:575,58,0,0
BRDA:575,58,1,0
BRDA:584,59,0,0
BRDA:584,59,1,0
BRDA:585,60,0,0
BRDA:585,60,1,0
BRDA:601,61,0,0
BRDA:601,61,1,0
BRDA:610,62,0,0
BRDA:610,62,1,0
BRDA:611,63,0,0
BRDA:611,63,1,0
BRDA:634,64,0,0
BRDA:634,64,1,0
BRDA:649,65,0,0
BRDA:649,65,1,0
BRDA:668,66,0,0
BRDA:668,66,1,0
BRDA:677,67,0,0
BRDA:677,67,1,0
BRDA:701,68,0,0
BRDA:701,68,1,0
BRDA:702,69,0,0
BRDA:702,69,1,0
BRDA:703,70,0,0
BRDA:703,70,1,0
BRDA:704,71,0,0
BRDA:704,71,1,0
BRDA:707,72,0,0
BRDA:707,72,1,0
BRDA:754,73,0,0
BRDA:754,73,1,0
BRDA:763,74,0,0
BRDA:763,74,1,0
BRDA:788,75,0,0
BRDA:788,75,1,0
BRDA:788,76,0,0
BRDA:788,76,1,0
BRDA:788,76,2,0
BRDA:798,77,0,0
BRDA:798,77,1,0
BRDA:802,78,0,0
BRDA:802,78,1,0
BRDA:806,79,0,0
BRDA:806,79,1,0
BRDA:813,80,0,0
BRDA:813,80,1,0
BRDA:813,81,0,0
BRDA:813,81,1,0
BRDA:818,82,0,0
BRDA:818,82,1,0
BRDA:818,83,0,0
BRDA:818,83,1,0
BRDA:853,84,0,0
BRDA:853,84,1,0
BRDA:862,85,0,0
BRDA:862,85,1,0
BRDA:867,86,0,0
BRDA:868,87,0,0
BRDA:868,87,1,0
BRDA:870,88,0,0
BRDA:870,88,1,0
BRDA:876,89,0,0
BRDA:876,89,1,0
BRDA:878,90,0,0
BRDA:878,90,1,0
BRDA:878,90,2,0
BRDA:878,90,3,0
BRDA:878,90,4,0
BRDA:878,90,5,0
BRDA:878,90,6,0
BRDA:878,90,7,0
BRDA:885,91,0,0
BRDA:885,91,1,0
BRDA:900,92,0,0
BRDA:900,92,1,0
BRDA:900,93,0,0
BRDA:900,93,1,0
BRDA:901,94,0,0
BRDA:901,94,1,0
BRDA:910,95,0,0
BRDA:910,95,1,0
BRDA:934,96,0,0
BRDA:934,96,1,0
BRDA:934,97,0,0
BRDA:934,97,1,0
BRDA:956,98,0,0
BRDA:956,98,1,0
BRDA:975,99,0,0
BRDA:975,99,1,0
BRDA:997,100,0,0
BRDA:997,100,1,0
BRDA:999,101,0,0
BRDA:999,101,1,0
BRDA:1002,102,0,0
BRDA:1002,102,1,0
BRDA:1034,103,0,0
BRDA:1034,103,1,0
BRDA:1044,104,0,0
BRDA:1044,104,1,0
BRDA:1047,105,0,0
BRDA:1047,105,1,0
BRDA:1049,106,0,0
BRDA:1049,106,1,0
BRDA:1049,107,0,0
BRDA:1049,107,1,0
BRDA:1064,108,0,0
BRDA:1064,108,1,0
BRDA:1064,109,0,0
BRDA:1064,109,1,0
BRDA:1109,110,0,0
BRDA:1109,110,1,0
BRDA:1109,111,0,0
BRDA:1109,111,1,0
BRDA:1146,112,0,0
BRDA:1146,112,1,0
BRDA:1149,113,0,0
BRDA:1149,113,1,0
BRDA:1173,114,0,0
BRDA:1173,114,1,0
BRDA:1173,115,0,0
BRDA:1173,115,1,0
BRF:239
BRH:0
end_of_record
TN:
SF:content/content.js
FN:4,(anonymous_0)
FN:8,getProfileIdFromUrl
FN:15,forceResetUIState
FN:44,(anonymous_3)
FN:51,initialize
FN:67,(anonymous_5)
FN:73,(anonymous_6)
FN:98,setupUrlObserver
FN:105,(anonymous_8)
FN:114,(anonymous_9)
FN:121,(anonymous_10)
FN:135,(anonymous_11)
FN:146,(anonymous_12)
FN:151,(anonymous_13)
FN:154,(anonymous_14)
FN:163,(anonymous_15)
FN:172,isLinkedInProfilePage
FNF:17
FNH:0
FNDA:0,(anonymous_0)
FNDA:0,getProfileIdFromUrl
FNDA:0,forceResetUIState
FNDA:0,(anonymous_3)
FNDA:0,initialize
FNDA:0,(anonymous_5)
FNDA:0,(anonymous_6)
FNDA:0,setupUrlObserver
FNDA:0,(anonymous_8)
FNDA:0,(anonymous_9)
FNDA:0,(anonymous_10)
FNDA:0,(anonymous_11)
FNDA:0,(anonymous_12)
FNDA:0,(anonymous_13)
FNDA:0,(anonymous_14)
FNDA:0,(anonymous_15)
FNDA:0,isLinkedInProfilePage
DA:4,0
DA:5,0
DA:9,0
DA:10,0
DA:11,0
DA:16,0
DA:17,0
DA:19,0
DA:20,0
DA:21,0
DA:22,0
DA:25,0
DA:26,0
DA:27,0
DA:29,0
DA:30,0
DA:33,0
DA:34,0
DA:35,0
DA:36,0
DA:37,0
DA:38,0
DA:44,0
DA:45,0
DA:52,0
DA:55,0
DA:56,0
DA:57,0
DA:58,0
DA:62,0
DA:63,0
DA:66,0
DA:67,0
DA:68,0
DA:73,0
DA:76,0
DA:77,0
DA:78,0
DA:82,0
DA:83,0
DA:84,0
DA:85,0
DA:86,0
DA:87,0
DA:91,0
DA:92,0
DA:93,0
DA:99,0
DA:102,0
DA:105,0
DA:106,0
DA:107,0
DA:108,0
DA:109,0
DA:114,0
DA:115,0
DA:116,0
DA:120,0
DA:122,0
DA:123,0
DA:124,0
DA:125,0
DA:131,0
DA:132,0
DA:135,0
DA:136,0
DA:137,0
DA:138,0
DA:141,0
DA:146,0
DA:147,0
DA:151,0
DA:152,0
DA:153,0
DA:155,0
DA:156,0
DA:157,0
DA:158,0
DA:160,0
DA:164,0
DA:165,0
DA:167,0
DA:173,0
LF:83
LH:0
BRDA:11,0,0,0
BRDA:11,0,1,0
BRDA:17,1,0,0
BRDA:17,1,1,0
BRDA:20,2,0,0
BRDA:20,2,1,0
BRDA:25,3,0,0
BRDA:25,3,1,0
BRDA:25,4,0,0
BRDA:25,4,1,0
BRDA:29,5,0,0
BRDA:29,5,1,0
BRDA:34,6,0,0
BRDA:34,6,1,0
BRDA:36,7,0,0
BRDA:36,7,1,0
BRDA:37,8,0,0
BRDA:37,8,1,0
BRDA:56,9,0,0
BRDA:56,9,1,0
BRDA:66,10,0,0
BRDA:66,10,1,0
BRDA:76,11,0,0
BRDA:76,11,1,0
BRDA:76,12,0,0
BRDA:76,12,1,0
BRDA:83,13,0,0
BRDA:83,13,1,0
BRDA:83,14,0,0
BRDA:83,14,1,0
BRDA:91,15,0,0
BRDA:91,15,1,0
BRDA:107,16,0,0
BRDA:107,16,1,0
BRDA:107,17,0,0
BRDA:107,17,1,0
BRDA:123,18,0,0
BRDA:123,18,1,0
BRDA:123,19,0,0
BRDA:123,19,1,0
BRDA:131,20,0,0
BRDA:131,20,1,0
BRDA:136,21,0,0
BRDA:136,21,1,0
BRDA:152,22,0,0
BRDA:152,22,1,0
BRDA:156,23,0,0
BRDA:156,23,1,0
BRF:48
BRH:0
end_of_record
TN:
SF:content/email-finder.js
FN:8,(anonymous_0)
FN:32,(anonymous_1)
FN:75,(anonymous_2)
FN:81,(anonymous_3)
FN:102,(anonymous_4)
FN:111,(anonymous_5)
FN:117,(anonymous_6)
FN:121,(anonymous_7)
FN:125,(anonymous_8)
FNF:9
FNH:9
FNDA:14,(anonymous_0)
FNDA:28,(anonymous_1)
FNDA:15,(anonymous_2)
FNDA:14,(anonymous_3)
FNDA:15,(anonymous_4)
FNDA:22,(anonymous_5)
FNDA:6,(anonymous_6)
FNDA:6,(anonymous_7)
FNDA:6,(anonymous_8)
DA:3,3
DA:9,14
DA:10,13
DA:13,12
DA:14,12
DA:15,12
DA:25,12
DA:28,12
DA:30,12
DA:31,12
DA:32,28
DA:33,28
DA:40,28
DA:43,12
DA:44,12
DA:45,8
DA:46,8
DA:48,8
DA:49,8
DA:51,8
DA:57,8
DA:61,12
DA:62,12
DA:63,12
DA:67,12
DA:68,8
DA:69,8
DA:72,12
DA:76,15
DA:77,15
DA:78,1
DA:83,14
DA:84,0
DA:85,0
DA:89,14
DA:90,14
DA:91,0
DA:92,0
DA:93,0
DA:97,14
DA:98,13
DA:103,15
DA:104,1
DA:107,14
DA:112,22
DA:113,22
DA:118,6
DA:119,6
DA:121,6
DA:122,6
DA:126,6
DA:127,1
DA:128,1
DA:132,1
DA:135,5
DA:136,5
DA:140,0
DA:141,0
DA:150,3
DA:151,3
LF:60
LH:53
BRDA:10,0,0,1
BRDA:10,0,1,12
BRDA:40,1,0,8
BRDA:40,1,1,20
BRDA:44,2,0,8
BRDA:44,2,1,4
BRDA:45,3,0,8
BRDA:45,3,1,8
BRDA:57,4,0,7
BRDA:57,4,1,1
BRDA:62,5,0,12
BRDA:62,5,1,0
BRDA:67,6,0,8
BRDA:67,6,1,4
BRDA:77,7,0,14
BRDA:77,7,1,1
BRDA:81,8,0,0
BRDA:83,9,0,0
BRDA:83,9,1,14
BRDA:83,10,0,14
BRDA:83,10,1,0
BRDA:83,10,2,0
BRDA:90,11,0,0
BRDA:90,11,1,14
BRDA:102,12,0,14
BRDA:103,13,0,1
BRDA:103,13,1,14
BRDA:103,14,0,15
BRDA:103,14,1,14
BRDA:103,14,2,1
BRDA:126,15,0,1
BRDA:126,15,1,5
BRDA:150,16,0,3
BRDA:150,16,1,0
BRDA:150,17,0,3
BRDA:150,17,1,3
BRF:36
BRH:29
end_of_record
TN:
SF:content/gmail-manager.js
FN:6,(anonymous_0)
FN:8,(anonymous_1)
FN:11,(anonymous_2)
FN:29,(anonymous_3)
FN:34,(anonymous_4)
FN:86,(anonymous_5)
FN:109,(anonymous_6)
FN:113,(anonymous_7)
FN:123,(anonymous_8)
FN:139,(anonymous_9)
FN:163,(anonymous_10)
FN:195,(anonymous_11)
FN:197,(anonymous_12)
FN:197,(anonymous_13)
FN:200,(anonymous_14)
FN:218,(anonymous_15)
FN:248,(anonymous_16)
FNF:17
FNH:0
FNDA:0,(anonymous_0)
FNDA:0,(anonymous_1)
FNDA:0,(anonymous_2)
FNDA:0,(anonymous_3)
FNDA:0,(anonymous_4)
FNDA:0,(anonymous_5)
FNDA:0,(anonymous_6)
FNDA:0,(anonymous_7)
FNDA:0,(anonymous_8)
FNDA:0,(anonymous_9)
FNDA:0,(anonymous_10)
FNDA:0,(anonymous_11)
FNDA:0,(anonymous_12)
FNDA:0,(anonymous_13)
FNDA:0,(anonymous_14)
FNDA:0,(anonymous_15)
FNDA:0,(anonymous_16)
DA:2,1
DA:7,0
DA:8,0
DA:9,0
DA:11,0
DA:15,0
DA:16,0
DA:17,0
DA:20,0
DA:21,0
DA:23,0
DA:24,0
DA:30,0
DA:31,0
DA:35,0
DA:36,0
DA:37,0
DA:41,0
DA:42,0
DA:45,0
DA:58,0
DA:67,0
DA:68,0
DA:69,0
DA:72,0
DA:74,0
DA:76,0
DA:77,0
DA:79,0
DA:81,0
DA:87,0
DA:89,0
DA:92,0
DA:94,0
DA:95,0
DA:98,0
DA:99,0
DA:102,0
DA:109,0
DA:113,0
DA:114,0
DA:117,0
DA:118,0
DA:121,0
DA:122,0
DA:123,0
DA:125,0
DA:126,0
DA:131,0
DA:134,0
DA:135,0
DA:141,0
DA:144,0
DA:147,0
DA:162,0
DA:163,0
DA:164,0
DA:165,0
DA:166,0
DA:167,0
DA:168,0
DA:169,0
DA:172,0
DA:173,0
DA:174,0
DA:175,0
DA:176,0
DA:183,0
DA:186,0
DA:189,0
DA:197,0
DA:200,0
DA:202,0
DA:208,0
DA:217,0
DA:218,0
DA:222,0
DA:249,0
DA:250,0
DA:251,0
DA:254,0
DA:262,0
DA:263,0
DA:264,0
DA:267,0
DA:269,0
DA:271,0
DA:272,0
DA:274,0
DA:276,0
DA:282,1
DA:283,1
LF:92
LH:3
BRDA:15,0,0,0
BRDA:15,0,1,0
BRDA:34,1,0,0
BRDA:36,2,0,0
BRDA:36,2,1,0
BRDA:52,3,0,0
BRDA:52,3,1,0
BRDA:67,4,0,0
BRDA:67,4,1,0
BRDA:69,5,0,0
BRDA:69,5,1,0
BRDA:74,6,0,0
BRDA:74,6,1,0
BRDA:74,7,0,0
BRDA:74,7,1,0
BRDA:86,8,0,0
BRDA:92,9,0,0
BRDA:92,9,1,0
BRDA:99,10,0,0
BRDA:99,10,1,0
BRDA:114,11,0,0
BRDA:114,11,1,0
BRDA:117,12,0,0
BRDA:117,12,1,0
BRDA:125,13,0,0
BRDA:125,13,1,0
BRDA:139,14,0,0
BRDA:149,15,0,0
BRDA:149,15,1,0
BRDA:149,16,0,0
BRDA:149,16,1,0
BRDA:162,17,0,0
BRDA:162,17,1,0
BRDA:162,18,0,0
BRDA:162,18,1,0
BRDA:164,19,0,0
BRDA:164,19,1,0
BRDA:166,20,0,0
BRDA:166,20,1,0
BRDA:250,21,0,0
BRDA:250,21,1,0
BRDA:262,22,0,0
BRDA:262,22,1,0
BRDA:264,23,0,0
BRDA:264,23,1,0
BRDA:269,24,0,0
BRDA:269,24,1,0
BRDA:269,25,0,0
BRDA:269,25,1,0
BRDA:282,26,0,1
BRDA:282,26,1,0
BRDA:282,27,0,1
BRDA:282,27,1,1
BRF:53
BRH:3
end_of_record
TN:
SF:content/profile-scraper.js
FN:6,(anonymous_0)
FN:39,(anonymous_1)
FN:60,(anonymous_2)
FN:96,(anonymous_3)
FN:103,(anonymous_4)
FN:109,(anonymous_5)
FN:110,(anonymous_6)
FN:117,(anonymous_7)
FN:124,(anonymous_8)
FN:155,(anonymous_9)
FN:170,(anonymous_10)
FN:186,(anonymous_11)
FN:201,(anonymous_12)
FN:241,(anonymous_13)
FN:268,(anonymous_14)
FN:311,(anonymous_15)
FN:326,(anonymous_16)
FN:336,(anonymous_17)
FN:347,(anonymous_18)
FN:353,(anonymous_19)
FN:373,(anonymous_20)
FN:436,(anonymous_21)
FN:500,(anonymous_22)
FNF:23
FNH:17
FNDA:10,(anonymous_0)
FNDA:0,(anonymous_1)
FNDA:0,(anonymous_2)
FNDA:10,(anonymous_3)
FNDA:0,(anonymous_4)
FNDA:0,(anonymous_5)
FNDA:0,(anonymous_6)
FNDA:0,(anonymous_7)
FNDA:10,(anonymous_8)
FNDA:10,(anonymous_9)
FNDA:13,(anonymous_10)
FNDA:3,(anonymous_11)
FNDA:20,(anonymous_12)
FNDA:22,(anonymous_13)
FNDA:164,(anonymous_14)
FNDA:2,(anonymous_15)
FNDA:6,(anonymous_16)
FNDA:1,(anonymous_17)
FNDA:14,(anonymous_18)
FNDA:6,(anonymous_19)
FNDA:170,(anonymous_20)
FNDA:1,(anonymous_21)
FNDA:18,(anonymous_22)
DA:3,2
DA:7,10
DA:9,10
DA:10,10
DA:12,10
DA:13,10
DA:14,10
DA:15,10
DA:16,10
DA:18,10
DA:19,10
DA:21,10
DA:22,10
DA:25,10
DA:26,10
DA:28,10
DA:29,10
DA:31,10
DA:32,10
DA:34,10
DA:35,10
DA:37,10
DA:38,10
DA:39,10
DA:43,10
DA:55,10
DA:56,10
DA:61,0
DA:64,0
DA:67,0
DA:70,0
DA:71,0
DA:72,0
DA:73,0
DA:76,0
DA:77,0
DA:78,0
DA:84,0
DA:86,0
DA:91,0
DA:92,0
DA:97,10
DA:99,10
DA:100,10
DA:102,10
DA:104,0
DA:109,0
DA:110,0
DA:113,0
DA:115,0
DA:117,0
DA:119,10
DA:120,10
DA:125,10
DA:128,10
DA:129,10
DA:130,10
DA:131,10
DA:133,1
DA:134,1
DA:135,1
DA:136,1
DA:137,1
DA:143,9
DA:144,9
DA:145,0
DA:146,0
DA:147,0
DA:150,9
DA:151,9
DA:156,10
DA:158,10
DA:159,10
DA:160,0
DA:161,0
DA:162,0
DA:165,10
DA:166,10
DA:171,13
DA:174,5
DA:175,5
DA:177,5
DA:178,4
DA:179,4
DA:182,1
DA:187,3
DA:190,1
DA:191,1
DA:193,1
DA:194,1
DA:197,0
DA:202,20
DA:205,3
DA:206,3
DA:208,3
DA:209,19
DA:212,19
DA:215,19
DA:217,19
DA:218,40
DA:221,40
DA:222,40
DA:224,40
DA:226,0
DA:227,0
DA:228,0
DA:232,19
DA:233,19
DA:238,3
DA:242,22
DA:244,22
DA:250,22
DA:251,9
DA:252,9
DA:255,13
DA:256,1
DA:257,1
DA:261,12
DA:268,164
DA:275,12
DA:311,12
DA:313,2
DA:316,2
DA:317,2
DA:321,2
DA:323,2
DA:326,6
DA:334,2
DA:335,2
DA:336,1
DA:343,2
DA:347,12
DA:349,14
DA:352,14
DA:353,6
DA:356,14
DA:373,170
DA:413,12
DA:416,12
DA:417,2
DA:419,2
DA:423,2
DA:424,2
DA:426,2
DA:429,2
DA:430,0
DA:435,12
DA:436,12
DA:438,12
DA:439,12
DA:451,11
DA:453,11
DA:454,1
DA:455,1
DA:458,10
DA:459,10
DA:460,10
DA:463,10
DA:465,10
DA:466,8
DA:467,2
DA:468,1
DA:469,1
DA:470,0
DA:471,1
DA:472,0
DA:473,1
DA:474,0
DA:475,1
DA:477,1
DA:480,10
DA:481,0
DA:482,0
DA:483,0
DA:484,0
DA:487,10
DA:488,10
DA:489,10
DA:492,10
DA:493,10
DA:494,10
DA:498,10
DA:500,18
DA:501,1
DA:503,1
DA:504,1
DA:507,1
DA:508,1
DA:509,1
DA:510,1
DA:513,0
DA:514,0
DA:517,0
DA:518,0
DA:519,0
DA:523,10
DA:529,2
DA:530,2
DA:531,0
DA:533,2
DA:537,12
DA:540,12
DA:541,12
DA:542,9
DA:543,3
DA:544,1
DA:545,2
DA:546,1
DA:547,1
DA:548,1
DA:549,0
DA:550,0
DA:551,0
DA:552,0
DA:555,12
DA:564,2
DA:565,2
LF:217
LH:169
BRDA:9,0,0,10
BRDA:9,0,1,7
BRDA:13,1,0,10
BRDA:13,1,1,7
BRDA:14,2,0,3
BRDA:14,2,1,7
BRDA:18,3,0,10
BRDA:18,3,1,9
BRDA:21,4,0,10
BRDA:21,4,1,8
BRDA:60,5,0,0
BRDA:70,6,0,0
BRDA:70,6,1,0
BRDA:70,7,0,0
BRDA:70,7,1,0
BRDA:76,8,0,0
BRDA:76,8,1,0
BRDA:99,9,0,10
BRDA:99,9,1,0
BRDA:129,10,0,10
BRDA:129,10,1,0
BRDA:131,11,0,1
BRDA:131,11,1,9
BRDA:134,12,0,1
BRDA:134,12,1,0
BRDA:143,13,0,9
BRDA:143,13,1,9
BRDA:144,14,0,0
BRDA:144,14,1,9
BRDA:159,15,0,0
BRDA:159,15,1,10
BRDA:171,16,0,8
BRDA:171,16,1,5
BRDA:177,17,0,4
BRDA:177,17,1,1
BRDA:177,18,0,5
BRDA:177,18,1,4
BRDA:187,19,0,2
BRDA:187,19,1,1
BRDA:193,20,0,1
BRDA:193,20,1,0
BRDA:193,21,0,1
BRDA:193,21,1,1
BRDA:202,22,0,17
BRDA:202,22,1,3
BRDA:218,23,0,0
BRDA:218,23,1,40
BRDA:224,24,0,0
BRDA:224,24,1,40
BRDA:232,25,0,19
BRDA:232,25,1,0
BRDA:250,26,0,9
BRDA:250,26,1,13
BRDA:250,27,0,22
BRDA:250,27,1,20
BRDA:255,28,0,1
BRDA:255,28,1,12
BRDA:255,29,0,13
BRDA:255,29,1,12
BRDA:262,30,0,12
BRDA:262,30,1,0
BRDA:263,31,0,12
BRDA:263,31,1,4
BRDA:264,32,0,12
BRDA:264,32,1,1
BRDA:265,33,0,12
BRDA:265,33,1,3
BRDA:266,34,0,12
BRDA:266,34,1,12
BRDA:267,35,0,9
BRDA:267,35,1,3
BRDA:269,36,0,164
BRDA:269,36,1,0
BRDA:316,37,0,2
BRDA:316,37,1,0
BRDA:316,38,0,2
BRDA:316,38,1,2
BRDA:321,39,0,2
BRDA:321,39,1,0
BRDA:321,40,0,2
BRDA:321,40,1,2
BRDA:328,41,0,6
BRDA:328,41,1,0
BRDA:328,42,0,6
BRDA:328,42,1,6
BRDA:335,43,0,1
BRDA:335,43,1,1
BRDA:335,44,0,2
BRDA:335,44,1,1
BRDA:338,45,0,0
BRDA:338,45,1,1
BRDA:338,46,0,1
BRDA:338,46,1,1
BRDA:349,47,0,14
BRDA:349,47,1,0
BRDA:352,48,0,6
BRDA:352,48,1,8
BRDA:361,49,0,14
BRDA:361,49,1,0
BRDA:364,50,0,14
BRDA:364,50,1,0
BRDA:370,51,0,14
BRDA:370,51,1,1
BRDA:371,52,0,14
BRDA:371,52,1,5
BRDA:372,53,0,14
BRDA:372,53,1,3
BRDA:373,54,0,11
BRDA:373,54,1,3
BRDA:373,55,0,14
BRDA:373,55,1,14
BRDA:377,56,0,14
BRDA:377,56,1,0
BRDA:378,57,0,14
BRDA:378,57,1,0
BRDA:379,58,0,14
BRDA:379,58,1,0
BRDA:416,59,0,2
BRDA:416,59,1,10
BRDA:429,60,0,0
BRDA:429,60,1,2
BRDA:453,61,0,1
BRDA:453,61,1,10
BRDA:460,62,0,10
BRDA:460,62,1,0
BRDA:465,63,0,8
BRDA:465,63,1,2
BRDA:465,64,0,10
BRDA:465,64,1,10
BRDA:467,65,0,1
BRDA:467,65,1,1
BRDA:467,66,0,2
BRDA:467,66,1,2
BRDA:469,67,0,0
BRDA:469,67,1,1
BRDA:469,68,0,1
BRDA:469,68,1,1
BRDA:471,69,0,0
BRDA:471,69,1,1
BRDA:471,70,0,1
BRDA:471,70,1,1
BRDA:473,71,0,0
BRDA:473,71,1,1
BRDA:475,72,0,1
BRDA:475,72,1,0
BRDA:475,73,0,1
BRDA:475,73,1,1
BRDA:475,73,2,1
BRDA:475,73,3,1
BRDA:475,73,4,1
BRDA:480,74,0,0
BRDA:480,74,1,10
BRDA:498,75,0,9
BRDA:498,75,1,1
BRDA:501,76,0,1
BRDA:501,76,1,0
BRDA:508,77,0,1
BRDA:508,77,1,0
BRDA:508,78,0,1
BRDA:508,78,1,1
BRDA:530,79,0,0
BRDA:530,79,1,2
BRDA:541,80,0,9
BRDA:541,80,1,3
BRDA:543,81,0,1
BRDA:543,81,1,2
BRDA:545,82,0,1
BRDA:545,82,1,1
BRDA:547,83,0,1
BRDA:547,83,1,0
BRDA:549,84,0,0
BRDA:549,84,1,0
BRDA:551,85,0,0
BRDA:551,85,1,0
BRDA:564,86,0,2
BRDA:564,86,1,0
BRDA:564,87,0,2
BRDA:564,87,1,2
BRF:178
BRH:134
end_of_record
TN:
SF:content/ui-manager.js
FN:11,(anonymous_0)
FN:15,(anonymous_1)
FN:39,(anonymous_2)
FN:46,(anonymous_3)
FN:76,(anonymous_4)
FN:77,(anonymous_5)
FN:85,(anonymous_6)
FN:101,(anonymous_7)
FN:102,(anonymous_8)
FN:110,(anonymous_9)
FN:126,(anonymous_10)
FN:158,(anonymous_11)
FN:169,(anonymous_12)
FN:170,(anonymous_13)
FN:208,(anonymous_14)
FN:219,(anonymous_15)
FN:226,(anonymous_16)
FN:236,(anonymous_17)
FN:276,(anonymous_18)
FN:287,(anonymous_19)
FN:297,(anonymous_20)
FN:305,(anonymous_21)
FN:313,(anonymous_22)
FN:345,(anonymous_23)
FN:462,(anonymous_24)
FN:471,(anonymous_25)
FN:478,(anonymous_26)
FN:485,(anonymous_27)
FN:494,(anonymous_28)
FN:495,(anonymous_29)
FN:533,(anonymous_30)
FN:535,(anonymous_31)
FN:536,(anonymous_32)
FN:567,(anonymous_33)
FN:575,(anonymous_34)
FN:581,(anonymous_35)
FN:582,(anonymous_36)
FN:588,(anonymous_37)
FN:597,(anonymous_38)
FN:607,adjustHeight
FN:615,(anonymous_40)
FN:753,(anonymous_41)
FN:757,(anonymous_42)
FN:763,(anonymous_43)
FN:826,(anonymous_44)
FN:914,(anonymous_45)
FN:915,(anonymous_46)
FN:932,(anonymous_47)
FN:954,(anonymous_48)
FN:967,(anonymous_49)
FN:982,(anonymous_50)
FN:997,(anonymous_51)
FN:1068,(anonymous_52)
FN:1085,(anonymous_53)
FN:1111,(anonymous_54)
FN:1152,(anonymous_55)
FN:1153,(anonymous_56)
FN:1171,(anonymous_57)
FN:1190,(anonymous_58)
FN:1192,(anonymous_59)
FN:1218,(anonymous_60)
FN:1235,(anonymous_61)
FN:1244,(anonymous_62)
FN:1257,(anonymous_63)
FN:1267,(anonymous_64)
FN:1327,(anonymous_65)
FN:1379,(anonymous_66)
FN:1395,(anonymous_67)
FN:1409,(anonymous_68)
FN:1418,(anonymous_69)
FN:1444,(anonymous_70)
FN:1445,(anonymous_71)
FN:1476,(anonymous_72)
FN:1478,(anonymous_73)
FN:1486,(anonymous_74)
FN:1504,(anonymous_75)
FN:1526,(anonymous_76)
FN:1549,(anonymous_77)
FN:1583,(anonymous_78)
FN:1586,(anonymous_79)
FN:1594,(anonymous_80)
FN:1600,(anonymous_81)
FN:1644,(anonymous_82)
FN:1647,(anonymous_83)
FNF:84
FNH:15
FNDA:34,(anonymous_0)
FNDA:9,(anonymous_1)
FNDA:0,(anonymous_2)
FNDA:0,(anonymous_3)
FNDA:0,(anonymous_4)
FNDA:0,(anonymous_5)
FNDA:0,(anonymous_6)
FNDA:0,(anonymous_7)
FNDA:0,(anonymous_8)
FNDA:0,(anonymous_9)
FNDA:0,(anonymous_10)
FNDA:0,(anonymous_11)
FNDA:0,(anonymous_12)
FNDA:0,(anonymous_13)
FNDA:1,(anonymous_14)
FNDA:0,(anonymous_15)
FNDA:0,(anonymous_16)
FNDA:2,(anonymous_17)
FNDA:0,(anonymous_18)
FNDA:0,(anonymous_19)
FNDA:0,(anonymous_20)
FNDA:0,(anonymous_21)
FNDA:0,(anonymous_22)
FNDA:0,(anonymous_23)
FNDA:0,(anonymous_24)
FNDA:0,(anonymous_25)
FNDA:0,(anonymous_26)
FNDA:0,(anonymous_27)
FNDA:0,(anonymous_28)
FNDA:0,(anonymous_29)
FNDA:0,(anonymous_30)
FNDA:0,(anonymous_31)
FNDA:0,(anonymous_32)
FNDA:0,(anonymous_33)
FNDA:0,(anonymous_34)
FNDA:0,(anonymous_35)
FNDA:0,(anonymous_36)
FNDA:0,(anonymous_37)
FNDA:0,(anonymous_38)
FNDA:0,adjustHeight
FNDA:0,(anonymous_40)
FNDA:0,(anonymous_41)
FNDA:0,(anonymous_42)
FNDA:0,(anonymous_43)
FNDA:0,(anonymous_44)
FNDA:0,(anonymous_45)
FNDA:0,(anonymous_46)
FNDA:0,(anonymous_47)
FNDA:0,(anonymous_48)
FNDA:0,(anonymous_49)
FNDA:0,(anonymous_50)
FNDA:0,(anonymous_51)
FNDA:2,(anonymous_52)
FNDA:8,(anonymous_53)
FNDA:4,(anonymous_54)
FNDA:1,(anonymous_55)
FNDA:1,(anonymous_56)
FNDA:9,(anonymous_57)
FNDA:1,(anonymous_58)
FNDA:2,(anonymous_59)
FNDA:4,(anonymous_60)
FNDA:4,(anonymous_61)
FNDA:5,(anonymous_62)
FNDA:0,(anonymous_63)
FNDA:0,(anonymous_64)
FNDA:0,(anonymous_65)
FNDA:0,(anonymous_66)
FNDA:0,(anonymous_67)
FNDA:0,(anonymous_68)
FNDA:0,(anonymous_69)
FNDA:0,(anonymous_70)
FNDA:0,(anonymous_71)
FNDA:0,(anonymous_72)
FNDA:0,(anonymous_73)
FNDA:0,(anonymous_74)
FNDA:0,(anonymous_75)
FNDA:0,(anonymous_76)
FNDA:0,(anonymous_77)
FNDA:0,(anonymous_78)
FNDA:0,(anonymous_79)
FNDA:0,(anonymous_80)
FNDA:0,(anonymous_81)
FNDA:0,(anonymous_82)
FNDA:0,(anonymous_83)
DA:2,2
DA:12,34
DA:16,9
DA:40,0
DA:41,0
DA:42,0
DA:43,0
DA:47,0
DA:48,0
DA:51,0
DA:54,0
DA:56,0
DA:58,0
DA:60,0
DA:61,0
DA:65,0
DA:66,0
DA:70,0
DA:71,0
DA:77,0
DA:78,0
DA:79,0
DA:80,0
DA:81,0
DA:82,0
DA:85,0
DA:86,0
DA:87,0
DA:88,0
DA:89,0
DA:91,0
DA:94,0
DA:95,0
DA:102,0
DA:103,0
DA:104,0
DA:105,0
DA:106,0
DA:107,0
DA:110,0
DA:111,0
DA:112,0
DA:113,0
DA:114,0
DA:116,0
DA:119,0
DA:120,0
DA:127,0
DA:130,0
DA:136,0
DA:137,0
DA:138,0
DA:139,0
DA:140,0
DA:142,0
DA:143,0
DA:146,0
DA:147,0
DA:151,0
DA:152,0
DA:153,0
DA:159,0
DA:161,0
DA:162,0
DA:163,0
DA:164,0
DA:165,0
DA:169,0
DA:170,0
DA:171,0
DA:172,0
DA:173,0
DA:174,0
DA:176,0
DA:180,0
DA:181,0
DA:182,0
DA:185,0
DA:187,0
DA:189,0
DA:191,0
DA:192,0
DA:195,0
DA:198,0
DA:199,0
DA:202,0
DA:203,0
DA:204,0
DA:209,1
DA:210,1
DA:213,1
DA:214,1
DA:215,0
DA:220,0
DA:223,0
DA:224,0
DA:226,0
DA:227,0
DA:228,0
DA:232,0
DA:233,0
DA:237,2
DA:238,2
DA:241,2
DA:242,2
DA:243,2
DA:247,0
DA:248,0
DA:252,0
DA:253,0
DA:254,0
DA:257,0
DA:261,0
DA:262,0
DA:263,0
DA:265,0
DA:266,0
DA:267,0
DA:268,0
DA:272,0
DA:276,0
DA:278,0
DA:279,0
DA:283,0
DA:286,0
DA:288,0
DA:292,0
DA:298,0
DA:299,0
DA:300,0
DA:303,0
DA:305,0
DA:306,0
DA:307,0
DA:308,0
DA:309,0
DA:310,0
DA:313,0
DA:314,0
DA:315,0
DA:316,0
DA:317,0
DA:320,0
DA:322,0
DA:323,0
DA:324,0
DA:327,0
DA:328,0
DA:331,0
DA:334,0
DA:337,0
DA:338,0
DA:346,0
DA:348,0
DA:349,0
DA:352,0
DA:353,0
DA:356,0
DA:357,0
DA:363,0
DA:364,0
DA:365,0
DA:369,0
DA:370,0
DA:371,0
DA:372,0
DA:375,0
DA:379,0
DA:380,0
DA:381,0
DA:382,0
DA:383,0
DA:384,0
DA:388,0
DA:391,0
DA:392,0
DA:393,0
DA:394,0
DA:395,0
DA:397,0
DA:398,0
DA:403,0
DA:422,0
DA:423,0
DA:428,0
DA:432,0
DA:433,0
DA:434,0
DA:437,0
DA:439,0
DA:440,0
DA:441,0
DA:443,0
DA:444,0
DA:445,0
DA:452,0
DA:453,0
DA:457,0
DA:465,0
DA:466,0
DA:467,0
DA:471,0
DA:472,0
DA:473,0
DA:474,0
DA:478,0
DA:479,0
DA:480,0
DA:485,0
DA:486,0
DA:488,0
DA:489,0
DA:490,0
DA:491,0
DA:494,0
DA:495,0
DA:496,0
DA:497,0
DA:498,0
DA:499,0
DA:501,0
DA:505,0
DA:506,0
DA:507,0
DA:510,0
DA:512,0
DA:514,0
DA:516,0
DA:517,0
DA:520,0
DA:523,0
DA:524,0
DA:527,0
DA:528,0
DA:533,0
DA:534,0
DA:535,0
DA:536,0
DA:537,0
DA:541,0
DA:542,0
DA:543,0
DA:546,0
DA:547,0
DA:548,0
DA:551,0
DA:554,0
DA:555,0
DA:556,0
DA:558,0
DA:561,0
DA:567,0
DA:568,0
DA:570,0
DA:572,0
DA:577,0
DA:578,0
DA:581,0
DA:582,0
DA:583,0
DA:588,0
DA:589,0
DA:597,0
DA:599,0
DA:600,0
DA:601,0
DA:604,0
DA:605,0
DA:608,0
DA:609,0
DA:613,0
DA:614,0
DA:615,0
DA:618,0
DA:620,0
DA:623,0
DA:626,0
DA:627,0
DA:630,0
DA:631,0
DA:637,0
DA:638,0
DA:644,0
DA:647,0
DA:649,0
DA:650,0
DA:652,0
DA:653,0
DA:657,0
DA:658,0
DA:663,0
DA:665,0
DA:668,0
DA:670,0
DA:671,0
DA:674,0
DA:675,0
DA:682,0
DA:687,0
DA:688,0
DA:697,0
DA:699,0
DA:701,0
DA:702,0
DA:704,0
DA:705,0
DA:708,0
DA:710,0
DA:711,0
DA:714,0
DA:716,0
DA:717,0
DA:720,0
DA:721,0
DA:723,0
DA:725,0
DA:732,0
DA:733,0
DA:736,0
DA:739,0
DA:741,0
DA:744,0
DA:745,0
DA:747,0
DA:748,0
DA:753,0
DA:754,0
DA:755,0
DA:756,0
DA:757,0
DA:758,0
DA:763,0
DA:764,0
DA:767,0
DA:768,0
DA:775,0
DA:777,0
DA:778,0
DA:781,0
DA:782,0
DA:784,0
DA:786,0
DA:787,0
DA:788,0
DA:791,0
DA:792,0
DA:796,0
DA:799,0
DA:803,0
DA:804,0
DA:806,0
DA:810,0
DA:811,0
DA:814,0
DA:815,0
DA:826,0
DA:827,0
DA:830,0
DA:831,0
DA:832,0
DA:835,0
DA:836,0
DA:837,0
DA:839,0
DA:840,0
DA:841,0
DA:844,0
DA:846,0
DA:847,0
DA:848,0
DA:851,0
DA:854,0
DA:855,0
DA:858,0
DA:859,0
DA:860,0
DA:862,0
DA:866,0
DA:867,0
DA:868,0
DA:869,0
DA:871,0
DA:879,0
DA:880,0
DA:881,0
DA:884,0
DA:885,0
DA:886,0
DA:889,0
DA:890,0
DA:891,0
DA:895,0
DA:896,0
DA:897,0
DA:899,0
DA:903,0
DA:904,0
DA:907,0
DA:908,0
DA:915,0
DA:917,0
DA:918,0
DA:919,0
DA:920,0
DA:923,0
DA:924,0
DA:927,0
DA:928,0
DA:931,0
DA:933,0
DA:934,0
DA:937,0
DA:938,0
DA:939,0
DA:943,0
DA:944,0
DA:947,0
DA:955,0
DA:956,0
DA:957,0
DA:958,0
DA:959,0
DA:960,0
DA:961,0
DA:964,0
DA:968,0
DA:970,0
DA:971,0
DA:972,0
DA:976,0
DA:977,0
DA:978,0
DA:979,0
DA:982,0
DA:983,0
DA:987,0
DA:988,0
DA:989,0
DA:991,0
DA:992,0
DA:993,0
DA:996,0
DA:997,0
DA:998,0
DA:1000,0
DA:1003,0
DA:1005,0
DA:1007,0
DA:1008,0
DA:1009,0
DA:1010,0
DA:1013,0
DA:1015,0
DA:1017,0
DA:1018,0
DA:1021,0
DA:1024,0
DA:1025,0
DA:1027,0
DA:1028,0
DA:1029,0
DA:1033,0
DA:1034,0
DA:1037,0
DA:1038,0
DA:1042,0
DA:1045,0
DA:1046,0
DA:1050,0
DA:1051,0
DA:1052,0
DA:1053,0
DA:1054,0
DA:1055,0
DA:1059,0
DA:1061,0
DA:1064,0
DA:1069,2
DA:1071,2
DA:1072,0
DA:1073,0
DA:1077,2
DA:1085,2
DA:1086,8
DA:1087,8
DA:1088,5
DA:1089,5
DA:1091,3
DA:1096,2
DA:1097,2
DA:1098,2
DA:1099,0
DA:1101,2
DA:1103,2
DA:1105,0
DA:1112,4
DA:1114,4
DA:1115,0
DA:1116,0
DA:1119,4
DA:1121,4
DA:1123,4
DA:1146,4
DA:1148,4
DA:1149,4
DA:1151,4
DA:1152,1
DA:1153,1
DA:1164,4
DA:1166,0
DA:1171,4
DA:1172,9
DA:1173,9
DA:1174,9
DA:1177,9
DA:1178,2
DA:1182,9
DA:1190,9
DA:1192,1
DA:1193,2
DA:1197,1
DA:1200,1
DA:1209,9
DA:1213,4
DA:1215,2
DA:1218,4
DA:1219,2
DA:1220,0
DA:1224,2
DA:1225,2
DA:1234,2
DA:1235,2
DA:1236,4
DA:1237,4
DA:1238,2
DA:1241,2
DA:1243,2
DA:1244,2
DA:1245,5
DA:1247,5
DA:1249,5
DA:1250,2
DA:1258,0
DA:1259,0
DA:1261,0
DA:1262,0
DA:1263,0
DA:1264,0
DA:1267,0
DA:1268,0
DA:1269,0
DA:1270,0
DA:1273,0
DA:1275,0
DA:1277,0
DA:1278,0
DA:1280,0
DA:1281,0
DA:1284,0
DA:1285,0
DA:1287,0
DA:1288,0
DA:1291,0
DA:1292,0
DA:1294,0
DA:1298,0
DA:1299,0
DA:1300,0
DA:1302,0
DA:1303,0
DA:1306,0
DA:1307,0
DA:1309,0
DA:1310,0
DA:1313,0
DA:1314,0
DA:1321,0
DA:1328,0
DA:1329,0
DA:1332,0
DA:1333,0
DA:1334,0
DA:1335,0
DA:1339,0
DA:1340,0
DA:1341,0
DA:1345,0
DA:1346,0
DA:1347,0
DA:1348,0
DA:1352,0
DA:1355,0
DA:1358,0
DA:1359,0
DA:1360,0
DA:1363,0
DA:1364,0
DA:1365,0
DA:1369,0
DA:1373,0
DA:1374,0
DA:1375,0
DA:1376,0
DA:1379,0
DA:1380,0
DA:1381,0
DA:1382,0
DA:1385,0
DA:1387,0
DA:1388,0
DA:1389,0
DA:1392,0
DA:1395,0
DA:1396,0
DA:1407,0
DA:1408,0
DA:1409,0
DA:1410,0
DA:1414,0
DA:1416,0
DA:1418,0
DA:1421,0
DA:1422,0
DA:1429,0
DA:1430,0
DA:1432,0
DA:1436,0
DA:1440,0
DA:1445,0
DA:1446,0
DA:1447,0
DA:1448,0
DA:1451,0
DA:1453,0
DA:1456,0
DA:1457,0
DA:1460,0
DA:1463,0
DA:1466,0
DA:1467,0
DA:1478,0
DA:1479,0
DA:1481,0
DA:1483,0
DA:1484,0
DA:1486,0
DA:1488,0
DA:1491,0
DA:1492,0
DA:1496,0
DA:1505,0
DA:1507,0
DA:1508,0
DA:1509,0
DA:1510,0
DA:1512,0
DA:1513,0
DA:1514,0
DA:1515,0
DA:1516,0
DA:1517,0
DA:1518,0
DA:1519,0
DA:1522,0
DA:1527,0
DA:1529,0
DA:1530,0
DA:1531,0
DA:1533,0
DA:1537,0
DA:1538,0
DA:1540,0
DA:1541,0
DA:1542,0
DA:1546,0
DA:1549,0
DA:1550,0
DA:1551,0
DA:1554,0
DA:1555,0
DA:1559,0
DA:1575,0
DA:1579,0
DA:1586,0
DA:1587,0
DA:1588,0
DA:1589,0
DA:1594,0
DA:1595,0
DA:1602,0
DA:1603,0
DA:1604,0
DA:1605,0
DA:1606,0
DA:1620,0
DA:1621,0
DA:1625,0
DA:1626,0
DA:1627,0
DA:1628,0
DA:1629,0
DA:1630,0
DA:1631,0
DA:1632,0
DA:1633,0
DA:1635,0
DA:1636,0
DA:1637,0
DA:1640,0
DA:1641,0
DA:1644,0
DA:1645,0
DA:1646,0
DA:1647,0
DA:1648,0
DA:1649,0
DA:1658,2
DA:1659,2
LF:718
LH:71
BRDA:56,0,0,0
BRDA:56,0,1,0
BRDA:56,1,0,0
BRDA:56,1,1,0
BRDA:56,1,2,0
BRDA:60,2,0,0
BRDA:60,2,1,0
BRDA:65,3,0,0
BRDA:65,3,1,0
BRDA:65,4,0,0
BRDA:65,4,1,0
BRDA:70,5,0,0
BRDA:70,5,1,0
BRDA:71,6,0,0
BRDA:71,6,1,0
BRDA:79,7,0,0
BRDA:79,7,1,0
BRDA:86,8,0,0
BRDA:86,8,1,0
BRDA:91,9,0,0
BRDA:91,9,1,0
BRDA:104,10,0,0
BRDA:104,10,1,0
BRDA:111,11,0,0
BRDA:111,11,1,0
BRDA:116,12,0,0
BRDA:116,12,1,0
BRDA:138,13,0,0
BRDA:138,13,1,0
BRDA:142,14,0,0
BRDA:142,14,1,0
BRDA:146,15,0,0
BRDA:146,15,1,0
BRDA:152,16,0,0
BRDA:152,16,1,0
BRDA:161,17,0,0
BRDA:161,17,1,0
BRDA:171,18,0,0
BRDA:171,18,1,0
BRDA:180,19,0,0
BRDA:180,19,1,0
BRDA:187,20,0,0
BRDA:187,20,1,0
BRDA:214,21,0,0
BRDA:214,21,1,1
BRDA:236,22,0,1
BRDA:241,23,0,2
BRDA:241,23,1,0
BRDA:247,24,0,0
BRDA:247,24,1,0
BRDA:252,25,0,0
BRDA:252,25,1,0
BRDA:253,26,0,0
BRDA:253,26,1,0
BRDA:265,27,0,0
BRDA:265,27,1,0
BRDA:265,28,0,0
BRDA:265,28,1,0
BRDA:267,29,0,0
BRDA:267,29,1,0
BRDA:278,30,0,0
BRDA:278,30,1,0
BRDA:278,31,0,0
BRDA:278,31,1,0
BRDA:298,32,0,0
BRDA:298,32,1,0
BRDA:298,33,0,0
BRDA:298,33,1,0
BRDA:298,33,2,0
BRDA:307,34,0,0
BRDA:307,34,1,0
BRDA:314,35,0,0
BRDA:314,35,1,0
BRDA:322,36,0,0
BRDA:322,36,1,0
BRDA:327,37,0,0
BRDA:327,37,1,0
BRDA:348,38,0,0
BRDA:348,38,1,0
BRDA:364,39,0,0
BRDA:364,39,1,0
BRDA:370,40,0,0
BRDA:370,40,1,0
BRDA:380,41,0,0
BRDA:380,41,1,0
BRDA:382,42,0,0
BRDA:382,42,1,0
BRDA:383,43,0,0
BRDA:383,43,1,0
BRDA:393,44,0,0
BRDA:393,44,1,0
BRDA:422,45,0,0
BRDA:422,45,1,0
BRDA:422,46,0,0
BRDA:422,46,1,0
BRDA:422,46,2,0
BRDA:441,47,0,0
BRDA:441,47,1,0
BRDA:465,48,0,0
BRDA:465,48,1,0
BRDA:474,49,0,0
BRDA:474,49,1,0
BRDA:479,50,0,0
BRDA:479,50,1,0
BRDA:488,51,0,0
BRDA:488,51,1,0
BRDA:496,52,0,0
BRDA:496,52,1,0
BRDA:505,53,0,0
BRDA:505,53,1,0
BRDA:512,54,0,0
BRDA:512,54,1,0
BRDA:541,55,0,0
BRDA:541,55,1,0
BRDA:554,56,0,0
BRDA:554,56,1,0
BRDA:555,57,0,0
BRDA:555,57,1,0
BRDA:568,58,0,0
BRDA:568,58,1,0
BRDA:568,59,0,0
BRDA:568,59,1,0
BRDA:577,60,0,0
BRDA:577,60,1,0
BRDA:577,61,0,0
BRDA:577,61,1,0
BRDA:599,62,0,0
BRDA:599,62,1,0
BRDA:614,63,0,0
BRDA:614,63,1,0
BRDA:626,64,0,0
BRDA:626,64,1,0
BRDA:630,65,0,0
BRDA:630,65,1,0
BRDA:649,66,0,0
BRDA:649,66,1,0
BRDA:649,67,0,0
BRDA:649,67,1,0
BRDA:652,68,0,0
BRDA:652,68,1,0
BRDA:657,69,0,0
BRDA:657,69,1,0
BRDA:668,70,0,0
BRDA:668,70,1,0
BRDA:668,71,0,0
BRDA:668,71,1,0
BRDA:674,72,0,0
BRDA:674,72,1,0
BRDA:674,73,0,0
BRDA:674,73,1,0
BRDA:678,74,0,0
BRDA:678,74,1,0
BRDA:687,75,0,0
BRDA:687,75,1,0
BRDA:704,76,0,0
BRDA:704,76,1,0
BRDA:708,77,0,0
BRDA:708,77,1,0
BRDA:714,78,0,0
BRDA:714,78,1,0
BRDA:714,79,0,0
BRDA:714,79,1,0
BRDA:721,80,0,0
BRDA:721,80,1,0
BRDA:784,81,0,0
BRDA:784,81,1,0
BRDA:784,82,0,0
BRDA:784,82,1,0
BRDA:787,83,0,0
BRDA:787,83,1,0
BRDA:803,84,0,0
BRDA:803,84,1,0
BRDA:830,85,0,0
BRDA:830,85,1,0
BRDA:839,86,0,0
BRDA:839,86,1,0
BRDA:839,87,0,0
BRDA:839,87,1,0
BRDA:839,87,2,0
BRDA:851,88,0,0
BRDA:851,88,1,0
BRDA:879,89,0,0
BRDA:879,89,1,0
BRDA:884,90,0,0
BRDA:884,90,1,0
BRDA:889,91,0,0
BRDA:889,91,1,0
BRDA:895,92,0,0
BRDA:895,92,1,0
BRDA:918,93,0,0
BRDA:918,93,1,0
BRDA:918,94,0,0
BRDA:918,94,1,0
BRDA:923,95,0,0
BRDA:923,95,1,0
BRDA:923,96,0,0
BRDA:923,96,1,0
BRDA:923,96,2,0
BRDA:933,97,0,0
BRDA:933,97,1,0
BRDA:938,98,0,0
BRDA:938,98,1,0
BRDA:938,99,0,0
BRDA:938,99,1,0
BRDA:943,100,0,0
BRDA:943,100,1,0
BRDA:967,101,0,0
BRDA:970,102,0,0
BRDA:970,102,1,0
BRDA:983,103,0,0
BRDA:983,103,1,0
BRDA:991,104,0,0
BRDA:991,104,1,0
BRDA:992,105,0,0
BRDA:992,105,1,0
BRDA:993,106,0,0
BRDA:993,106,1,0
BRDA:1003,107,0,0
BRDA:1003,107,1,0
BRDA:1003,108,0,0
BRDA:1003,108,1,0
BRDA:1007,109,0,0
BRDA:1007,109,1,0
BRDA:1009,110,0,0
BRDA:1009,110,1,0
BRDA:1015,111,0,0
BRDA:1015,111,1,0
BRDA:1021,112,0,0
BRDA:1021,112,1,0
BRDA:1027,113,0,0
BRDA:1027,113,1,0
BRDA:1027,114,0,0
BRDA:1027,114,1,0
BRDA:1029,115,0,0
BRDA:1029,115,1,0
BRDA:1033,116,0,0
BRDA:1033,116,1,0
BRDA:1038,117,0,0
BRDA:1038,117,1,0
BRDA:1042,118,0,0
BRDA:1042,118,1,0
BRDA:1046,119,0,0
BRDA:1046,119,1,0
BRDA:1051,120,0,0
BRDA:1051,120,1,0
BRDA:1053,121,0,0
BRDA:1053,121,1,0
BRDA:1054,122,0,0
BRDA:1054,122,1,0
BRDA:1071,123,0,0
BRDA:1071,123,1,2
BRDA:1087,124,0,5
BRDA:1087,124,1,3
BRDA:1097,125,0,2
BRDA:1097,125,1,0
BRDA:1098,126,0,0
BRDA:1098,126,1,2
BRDA:1114,127,0,0
BRDA:1114,127,1,4
BRDA:1121,128,0,4
BRDA:1121,128,1,2
BRDA:1130,129,0,4
BRDA:1130,129,1,0
BRDA:1140,130,0,4
BRDA:1140,130,1,0
BRDA:1148,131,0,4
BRDA:1148,131,1,0
BRDA:1148,132,0,4
BRDA:1148,132,1,4
BRDA:1148,132,2,4
BRDA:1152,133,0,1
BRDA:1152,133,1,1
BRDA:1155,134,0,1
BRDA:1155,134,1,0
BRDA:1157,135,0,1
BRDA:1157,135,1,1
BRDA:1159,136,0,1
BRDA:1159,136,1,0
BRDA:1161,137,0,1
BRDA:1161,137,1,1
BRDA:1177,138,0,2
BRDA:1177,138,1,7
BRDA:1205,139,0,1
BRDA:1205,139,1,0
BRDA:1213,140,0,2
BRDA:1213,140,1,2
BRDA:1213,141,0,4
BRDA:1213,141,1,2
BRDA:1213,141,2,2
BRDA:1218,142,0,4
BRDA:1218,142,1,4
BRDA:1219,143,0,0
BRDA:1219,143,1,2
BRDA:1230,144,0,2
BRDA:1230,144,1,0
BRDA:1237,145,0,2
BRDA:1237,145,1,2
BRDA:1241,146,0,2
BRDA:1241,146,1,0
BRDA:1249,147,0,2
BRDA:1249,147,1,3
BRDA:1258,148,0,0
BRDA:1258,148,1,0
BRDA:1258,149,0,0
BRDA:1258,149,1,0
BRDA:1258,149,2,0
BRDA:1262,150,0,0
BRDA:1262,150,1,0
BRDA:1268,151,0,0
BRDA:1268,151,1,0
BRDA:1275,152,0,0
BRDA:1275,152,1,0
BRDA:1275,153,0,0
BRDA:1275,153,1,0
BRDA:1277,154,0,0
BRDA:1277,154,1,0
BRDA:1280,155,0,0
BRDA:1280,155,1,0
BRDA:1291,156,0,0
BRDA:1291,156,1,0
BRDA:1298,157,0,0
BRDA:1298,157,1,0
BRDA:1302,158,0,0
BRDA:1302,158,1,0
BRDA:1313,159,0,0
BRDA:1313,159,1,0
BRDA:1333,160,0,0
BRDA:1333,160,1,0
BRDA:1339,161,0,0
BRDA:1339,161,1,0
BRDA:1346,162,0,0
BRDA:1346,162,1,0
BRDA:1352,163,0,0
BRDA:1352,163,1,0
BRDA:1358,164,0,0
BRDA:1358,164,1,0
BRDA:1358,165,0,0
BRDA:1358,165,1,0
BRDA:1358,165,2,0
BRDA:1363,166,0,0
BRDA:1363,166,1,0
BRDA:1363,167,0,0
BRDA:1363,167,1,0
BRDA:1374,168,0,0
BRDA:1374,168,1,0
BRDA:1380,169,0,0
BRDA:1380,169,1,0
BRDA:1387,170,0,0
BRDA:1387,170,1,0
BRDA:1387,171,0,0
BRDA:1387,171,1,0
BRDA:1387,171,2,0
BRDA:1396,172,0,0
BRDA:1396,172,1,0
BRDA:1396,172,2,0
BRDA:1396,172,3,0
BRDA:1407,173,0,0
BRDA:1407,173,1,0
BRDA:1407,174,0,0
BRDA:1407,174,1,0
BRDA:1410,175,0,0
BRDA:1410,175,1,0
BRDA:1416,176,0,0
BRDA:1416,176,1,0
BRDA:1446,177,0,0
BRDA:1446,177,1,0
BRDA:1446,178,0,0
BRDA:1446,178,1,0
BRDA:1446,178,2,0
BRDA:1451,179,0,0
BRDA:1451,179,1,0
BRDA:1451,180,0,0
BRDA:1451,180,1,0
BRDA:1451,180,2,0
BRDA:1466,181,0,0
BRDA:1466,181,1,0
BRDA:1481,182,0,0
BRDA:1481,182,1,0
BRDA:1481,183,0,0
BRDA:1481,183,1,0
BRDA:1481,183,2,0
BRDA:1491,184,0,0
BRDA:1491,184,1,0
BRDA:1491,185,0,0
BRDA:1491,185,1,0
BRDA:1505,186,0,0
BRDA:1505,186,1,0
BRDA:1512,187,0,0
BRDA:1512,187,1,0
BRDA:1512,188,0,0
BRDA:1512,188,1,0
BRDA:1514,189,0,0
BRDA:1514,189,1,0
BRDA:1514,190,0,0
BRDA:1514,190,1,0
BRDA:1516,191,0,0
BRDA:1516,191,1,0
BRDA:1516,192,0,0
BRDA:1516,192,1,0
BRDA:1518,193,0,0
BRDA:1518,193,1,0
BRDA:1518,194,0,0
BRDA:1518,194,1,0
BRDA:1527,195,0,0
BRDA:1527,195,1,0
BRDA:1527,196,0,0
BRDA:1527,196,1,0
BRDA:1527,196,2,0
BRDA:1530,197,0,0
BRDA:1530,197,1,0
BRDA:1540,198,0,0
BRDA:1540,198,1,0
BRDA:1540,199,0,0
BRDA:1540,199,1,0
BRDA:1555,200,0,0
BRDA:1555,200,1,0
BRDA:1587,201,0,0
BRDA:1587,201,1,0
BRDA:1587,202,0,0
BRDA:1587,202,1,0
BRDA:1600,203,0,0
BRDA:1603,204,0,0
BRDA:1603,204,1,0
BRDA:1626,205,0,0
BRDA:1626,205,1,0
BRDA:1630,206,0,0
BRDA:1630,206,1,0
BRDA:1645,207,0,0
BRDA:1645,207,1,0
BRDA:1648,208,0,0
BRDA:1648,208,1,0
BRDA:1648,209,0,0
BRDA:1648,209,1,0
BRDA:1658,210,0,2
BRDA:1658,210,1,0
BRDA:1658,211,0,2
BRDA:1658,211,1,2
BRF:437
BRH:45
end_of_record
TN:
SF:content/url-observer.js
FN:2,(anonymous_0)
FN:7,(anonymous_1)
FN:11,(anonymous_2)
FN:12,(anonymous_3)
FN:14,(anonymous_4)
FN:28,(anonymous_5)
FN:36,(anonymous_6)
FNF:7
FNH:0
FNDA:0,(anonymous_0)
FNDA:0,(anonymous_1)
FNDA:0,(anonymous_2)
FNDA:0,(anonymous_3)
FNDA:0,(anonymous_4)
FNDA:0,(anonymous_5)
FNDA:0,(anonymous_6)
DA:1,0
DA:3,0
DA:12,0
DA:14,0
DA:15,0
DA:16,0
DA:18,0
DA:19,0
DA:22,0
DA:28,0
DA:29,0
DA:32,0
LF:12
LH:0
BRDA:18,0,0,0
BRDA:18,0,1,0
BRDA:18,1,0,0
BRDA:18,1,1,0
BRF:4
BRH:0
end_of_record
TN:
SF:content/utils.js
FN:3,(anonymous_0)
FN:5,executedFunction
FN:6,(anonymous_2)
FN:15,(anonymous_3)
FN:24,(anonymous_4)
FN:36,(anonymous_5)
FN:42,(anonymous_6)
FNF:7
FNH:7
FNDA:3,(anonymous_0)
FNDA:4,executedFunction
FNDA:3,(anonymous_2)
FNDA:18,(anonymous_3)
FNDA:9,(anonymous_4)
FNDA:4,(anonymous_5)
FNDA:9,(anonymous_6)
DA:2,3
DA:5,3
DA:6,4
DA:7,3
DA:8,3
DA:10,4
DA:11,4
DA:16,18
DA:18,15
DA:19,15
DA:20,15
DA:25,9
DA:26,6
DA:37,4
DA:38,2
DA:43,9
DA:44,6
DA:45,6
DA:47,5
DA:48,2
DA:50,3
DA:52,1
DA:58,3
DA:59,3
LF:24
LH:24
BRDA:16,0,0,3
BRDA:16,0,1,15
BRDA:20,1,0,14
BRDA:20,1,1,1
BRDA:25,2,0,3
BRDA:25,2,1,6
BRDA:37,3,0,2
BRDA:37,3,1,2
BRDA:43,4,0,3
BRDA:43,4,1,6
BRDA:47,5,0,2
BRDA:47,5,1,3
BRDA:47,6,0,5
BRDA:47,6,1,3
BRDA:58,7,0,3
BRDA:58,7,1,0
BRDA:58,8,0,3
BRDA:58,8,1,3
BRF:18
BRH:17
end_of_record
TN:
SF:dashboard/emailhistory.js
FN:3,formatDate
FN:23,loadEmailHistory
FN:34,(anonymous_2)
FN:48,(anonymous_3)
FN:55,(anonymous_4)
FN:79,(anonymous_5)
FN:80,(anonymous_6)
FN:87,showEmailDetails
FN:94,(anonymous_8)
FN:116,(anonymous_9)
FN:156,escapeHtml
FN:167,(anonymous_11)
FN:174,(anonymous_12)
FN:179,(anonymous_13)
FN:190,(anonymous_14)
FN:196,(anonymous_15)
FNF:16
FNH:0
FNDA:0,formatDate
FNDA:0,loadEmailHistory
FNDA:0,(anonymous_2)
FNDA:0,(anonymous_3)
FNDA:0,(anonymous_4)
FNDA:0,(anonymous_5)
FNDA:0,(anonymous_6)
FNDA:0,showEmailDetails
FNDA:0,(anonymous_8)
FNDA:0,(anonymous_9)
FNDA:0,escapeHtml
FNDA:0,(anonymous_11)
FNDA:0,(anonymous_12)
FNDA:0,(anonymous_13)
FNDA:0,(anonymous_14)
FNDA:0,(anonymous_15)
DA:1,0
DA:4,0
DA:5,0
DA:7,0
DA:8,0
DA:9,0
DA:11,0
DA:12,0
DA:13,0
DA:14,0
DA:15,0
DA:16,0
DA:18,0
DA:24,0
DA:25,0
DA:27,0
DA:28,0
DA:29,0
DA:33,0
DA:35,0
DA:42,0
DA:43,0
DA:44,0
DA:48,0
DA:49,0
DA:53,0
DA:55,0
DA:56,0
DA:57,0
DA:64,0
DA:76,0
DA:79,0
DA:80,0
DA:81,0
DA:82,0
DA:88,0
DA:89,0
DA:90,0
DA:92,0
DA:93,0
DA:94,0
DA:95,0
DA:104,0
DA:115,0
DA:116,0
DA:119,0
DA:151,0
DA:152,0
DA:157,0
DA:158,0
DA:167,0
DA:168,0
DA:169,0
DA:170,0
DA:173,0
DA:174,0
DA:175,0
DA:176,0
DA:177,0
DA:179,0
DA:180,0
DA:181,0
DA:182,0
DA:189,0
DA:190,0
DA:191,0
DA:196,0
DA:197,0
DA:198,0
LF:69
LH:0
BRDA:11,0,0,0
BRDA:11,0,1,0
BRDA:13,1,0,0
BRDA:13,1,1,0
BRDA:15,2,0,0
BRDA:15,2,1,0
BRDA:23,3,0,0
BRDA:25,4,0,0
BRDA:25,4,1,0
BRDA:27,5,0,0
BRDA:27,5,1,0
BRDA:33,6,0,0
BRDA:33,6,1,0
BRDA:35,7,0,0
BRDA:35,7,1,0
BRDA:35,7,2,0
BRDA:35,7,3,0
BRDA:35,7,4,0
BRDA:35,7,5,0
BRDA:35,7,6,0
BRDA:35,7,7,0
BRDA:42,8,0,0
BRDA:42,8,1,0
BRDA:57,9,0,0
BRDA:57,9,1,0
BRDA:57,10,0,0
BRDA:57,10,1,0
BRDA:58,11,0,0
BRDA:58,11,1,0
BRDA:67,12,0,0
BRDA:67,12,1,0
BRDA:93,13,0,0
BRDA:93,13,1,0
BRDA:93,14,0,0
BRDA:93,14,1,0
BRDA:115,15,0,0
BRDA:115,15,1,0
BRDA:134,16,0,0
BRDA:134,16,1,0
BRDA:157,17,0,0
BRDA:157,17,1,0
BRDA:173,18,0,0
BRDA:173,18,1,0
BRDA:181,19,0,0
BRDA:181,19,1,0
BRDA:189,20,0,0
BRDA:189,20,1,0
BRDA:197,21,0,0
BRDA:197,21,1,0
BRF:49
BRH:0
end_of_record
TN:
SF:dashboard/main.js
FN:5,(anonymous_0)
FN:9,(anonymous_1)
FN:19,formatDate
FN:39,(anonymous_3)
FN:65,(anonymous_4)
FN:78,(anonymous_5)
FN:101,(anonymous_6)
FN:102,(anonymous_7)
FN:107,(anonymous_8)
FN:108,(anonymous_9)
FN:144,(anonymous_10)
FN:154,(anonymous_11)
FN:172,createExperienceCard
FN:200,(anonymous_13)
FN:202,(anonymous_14)
FN:215,updateExperienceCounts
FN:217,(anonymous_16)
FN:230,checkExperienceLimit
FN:241,(anonymous_18)
FN:251,collectExperiencesData
FN:255,(anonymous_20)
FN:281,addSkill
FN:312,(anonymous_22)
FN:333,removeSkill
FN:334,(anonymous_24)
FN:338,updateSkillsDisplay
FN:349,(anonymous_26)
FN:358,(anonymous_27)
FN:378,(anonymous_28)
FN:425,(anonymous_29)
FN:431,(anonymous_30)
FN:447,updateUserProfileInSidebar
FNF:32
FNH:0
FNDA:0,(anonymous_0)
FNDA:0,(anonymous_1)
FNDA:0,formatDate
FNDA:0,(anonymous_3)
FNDA:0,(anonymous_4)
FNDA:0,(anonymous_5)
FNDA:0,(anonymous_6)
FNDA:0,(anonymous_7)
FNDA:0,(anonymous_8)
FNDA:0,(anonymous_9)
FNDA:0,(anonymous_10)
FNDA:0,(anonymous_11)
FNDA:0,createExperienceCard
FNDA:0,(anonymous_13)
FNDA:0,(anonymous_14)
FNDA:0,updateExperienceCounts
FNDA:0,(anonymous_16)
FNDA:0,checkExperienceLimit
FNDA:0,(anonymous_18)
FNDA:0,collectExperiencesData
FNDA:0,(anonymous_20)
FNDA:0,addSkill
FNDA:0,(anonymous_22)
FNDA:0,removeSkill
FNDA:0,(anonymous_24)
FNDA:0,updateSkillsDisplay
FNDA:0,(anonymous_26)
FNDA:0,(anonymous_27)
FNDA:0,(anonymous_28)
FNDA:0,(anonymous_29)
FNDA:0,(anonymous_30)
FNDA:0,updateUserProfileInSidebar
DA:1,0
DA:4,0
DA:7,0
DA:11,0
DA:16,0
DA:17,0
DA:20,0
DA:21,0
DA:23,0
DA:24,0
DA:25,0
DA:27,0
DA:28,0
DA:29,0
DA:30,0
DA:31,0
DA:32,0
DA:34,0
DA:39,0
DA:40,0
DA:41,0
DA:42,0
DA:43,0
DA:44,0
DA:45,0
DA:46,0
DA:47,0
DA:48,0
DA:49,0
DA:50,0
DA:53,0
DA:54,0
DA:55,0
DA:56,0
DA:58,0
DA:59,0
DA:60,0
DA:61,0
DA:65,0
DA:66,0
DA:67,0
DA:68,0
DA:73,0
DA:74,0
DA:75,0
DA:78,0
DA:79,0
DA:80,0
DA:81,0
DA:82,0
DA:83,0
DA:86,0
DA:89,0
DA:90,0
DA:96,0
DA:97,0
DA:101,0
DA:102,0
DA:103,0
DA:104,0
DA:107,0
DA:108,0
DA:111,0
DA:115,0
DA:116,0
DA:117,0
DA:118,0
DA:119,0
DA:120,0
DA:121,0
DA:123,0
DA:126,0
DA:129,0
DA:130,0
DA:131,0
DA:135,0
DA:136,0
DA:138,0
DA:139,0
DA:142,0
DA:143,0
DA:144,0
DA:145,0
DA:146,0
DA:147,0
DA:153,0
DA:154,0
DA:155,0
DA:159,0
DA:165,0
DA:166,0
DA:167,0
DA:168,0
DA:169,0
DA:173,0
DA:174,0
DA:175,0
DA:177,0
DA:198,0
DA:199,0
DA:200,0
DA:201,0
DA:202,0
DA:203,0
DA:204,0
DA:205,0
DA:206,0
DA:211,0
DA:216,0
DA:217,0
DA:218,0
DA:219,0
DA:222,0
DA:223,0
DA:224,0
DA:231,0
DA:232,0
DA:233,0
DA:235,0
DA:236,0
DA:241,0
DA:242,0
DA:243,0
DA:244,0
DA:245,0
DA:246,0
DA:252,0
DA:253,0
DA:255,0
DA:256,0
DA:257,0
DA:264,0
DA:265,0
DA:269,0
DA:273,0
DA:274,0
DA:275,0
DA:276,0
DA:277,0
DA:278,0
DA:282,0
DA:284,0
DA:285,0
DA:289,0
DA:290,0
DA:291,0
DA:295,0
DA:296,0
DA:297,0
DA:301,0
DA:304,0
DA:305,0
DA:306,0
DA:312,0
DA:313,0
DA:314,0
DA:315,0
DA:316,0
DA:320,0
DA:323,0
DA:326,0
DA:329,0
DA:334,0
DA:339,0
DA:340,0
DA:342,0
DA:347,0
DA:349,0
DA:350,0
DA:351,0
DA:352,0
DA:357,0
DA:358,0
DA:359,0
DA:361,0
DA:362,0
DA:363,0
DA:365,0
DA:366,0
DA:367,0
DA:370,0
DA:372,0
DA:375,0
DA:378,0
DA:379,0
DA:382,0
DA:383,0
DA:384,0
DA:385,0
DA:386,0
DA:388,0
DA:390,0
DA:391,0
DA:392,0
DA:395,0
DA:397,0
DA:398,0
DA:402,0
DA:413,0
DA:416,0
DA:422,0
DA:423,0
DA:425,0
DA:427,0
DA:430,0
DA:431,0
DA:432,0
DA:438,0
DA:439,0
DA:440,0
DA:448,0
DA:450,0
DA:451,0
DA:452,0
DA:454,0
DA:455,0
DA:457,0
DA:459,0
DA:460,0
DA:462,0
DA:463,0
DA:466,0
LF:222
LH:0
BRDA:27,0,0,0
BRDA:27,0,1,0
BRDA:29,1,0,0
BRDA:29,1,1,0
BRDA:31,2,0,0
BRDA:31,2,1,0
BRDA:58,3,0,0
BRDA:58,3,1,0
BRDA:60,4,0,0
BRDA:60,4,1,0
BRDA:67,5,0,0
BRDA:67,5,1,0
BRDA:73,6,0,0
BRDA:73,6,1,0
BRDA:74,7,0,0
BRDA:74,7,1,0
BRDA:75,8,0,0
BRDA:75,8,1,0
BRDA:80,9,0,0
BRDA:80,9,1,0
BRDA:81,10,0,0
BRDA:81,10,1,0
BRDA:81,11,0,0
BRDA:81,11,1,0
BRDA:82,12,0,0
BRDA:82,12,1,0
BRDA:82,13,0,0
BRDA:82,13,1,0
BRDA:83,14,0,0
BRDA:83,14,1,0
BRDA:83,15,0,0
BRDA:83,15,1,0
BRDA:89,16,0,0
BRDA:89,16,1,0
BRDA:97,17,0,0
BRDA:97,17,1,0
BRDA:115,18,0,0
BRDA:115,18,1,0
BRDA:117,19,0,0
BRDA:117,19,1,0
BRDA:119,20,0,0
BRDA:119,20,1,0
BRDA:121,21,0,0
BRDA:121,21,1,0
BRDA:129,22,0,0
BRDA:129,22,1,0
BRDA:138,23,0,0
BRDA:138,23,1,0
BRDA:142,24,0,0
BRDA:142,24,1,0
BRDA:146,25,0,0
BRDA:146,25,1,0
BRDA:146,26,0,0
BRDA:146,26,1,0
BRDA:153,27,0,0
BRDA:153,27,1,0
BRDA:172,28,0,0
BRDA:183,29,0,0
BRDA:183,29,1,0
BRDA:187,30,0,0
BRDA:187,30,1,0
BRDA:192,31,0,0
BRDA:192,31,1,0
BRDA:199,32,0,0
BRDA:199,32,1,0
BRDA:223,33,0,0
BRDA:223,33,1,0
BRDA:231,34,0,0
BRDA:231,34,1,0
BRDA:242,35,0,0
BRDA:242,35,1,0
BRDA:264,36,0,0
BRDA:264,36,1,0
BRDA:264,37,0,0
BRDA:264,37,1,0
BRDA:264,37,2,0
BRDA:284,38,0,0
BRDA:284,38,1,0
BRDA:289,39,0,0
BRDA:289,39,1,0
BRDA:295,40,0,0
BRDA:295,40,1,0
BRDA:339,41,0,0
BRDA:339,41,1,0
BRDA:350,42,0,0
BRDA:350,42,1,0
BRDA:357,43,0,0
BRDA:357,43,1,0
BRDA:365,44,0,0
BRDA:365,44,1,0
BRDA:365,45,0,0
BRDA:365,45,1,0
BRDA:365,45,2,0
BRDA:375,46,0,0
BRDA:375,46,1,0
BRDA:379,47,0,0
BRDA:379,47,1,0
BRDA:383,48,0,0
BRDA:383,48,1,0
BRDA:390,49,0,0
BRDA:390,49,1,0
BRDA:390,50,0,0
BRDA:390,50,1,0
BRDA:395,51,0,0
BRDA:395,51,1,0
BRDA:395,52,0,0
BRDA:395,52,1,0
BRDA:430,53,0,0
BRDA:430,53,1,0
BRDA:439,54,0,0
BRDA:439,54,1,0
BRDA:448,55,0,0
BRDA:448,55,1,0
BRDA:448,56,0,0
BRDA:448,56,1,0
BRDA:448,56,2,0
BRDA:454,57,0,0
BRDA:454,57,1,0
BRDA:455,58,0,0
BRDA:455,58,1,0
BRDA:457,59,0,0
BRDA:457,59,1,0
BRDA:457,60,0,0
BRDA:457,60,1,0
BRDA:462,61,0,0
BRDA:462,61,1,0
BRF:126
BRH:0
end_of_record
TN:
SF:dashboard/profile.js
FN:4,createExperienceCard
FN:32,(anonymous_1)
FN:34,(anonymous_2)
FN:46,updateExperienceCounts
FN:48,(anonymous_4)
FN:60,checkExperienceLimit
FN:74,collectExperiencesData
FN:78,(anonymous_7)
FN:96,addSkill
FN:129,(anonymous_9)
FN:149,removeSkill
FN:150,(anonymous_11)
FN:153,updateSkillsDisplay
FN:165,escapeHtml
FN:176,(anonymous_14)
FN:192,(anonymous_15)
FN:208,(anonymous_16)
FN:218,(anonymous_17)
FN:241,(anonymous_18)
FN:265,(anonymous_19)
FN:271,(anonymous_20)
FN:292,(anonymous_21)
FN:297,(anonymous_22)
FN:315,(anonymous_23)
FN:324,(anonymous_24)
FNF:25
FNH:0
FNDA:0,createExperienceCard
FNDA:0,(anonymous_1)
FNDA:0,(anonymous_2)
FNDA:0,updateExperienceCounts
FNDA:0,(anonymous_4)
FNDA:0,checkExperienceLimit
FNDA:0,collectExperiencesData
FNDA:0,(anonymous_7)
FNDA:0,addSkill
FNDA:0,(anonymous_9)
FNDA:0,removeSkill
FNDA:0,(anonymous_11)
FNDA:0,updateSkillsDisplay
FNDA:0,escapeHtml
FNDA:0,(anonymous_14)
FNDA:0,(anonymous_15)
FNDA:0,(anonymous_16)
FNDA:0,(anonymous_17)
FNDA:0,(anonymous_18)
FNDA:0,(anonymous_19)
FNDA:0,(anonymous_20)
FNDA:0,(anonymous_21)
FNDA:0,(anonymous_22)
FNDA:0,(anonymous_23)
FNDA:0,(anonymous_24)
DA:1,0
DA:5,0
DA:6,0
DA:7,0
DA:9,0
DA:30,0
DA:31,0
DA:32,0
DA:33,0
DA:34,0
DA:35,0
DA:36,0
DA:37,0
DA:38,0
DA:43,0
DA:47,0
DA:48,0
DA:49,0
DA:50,0
DA:53,0
DA:54,0
DA:55,0
DA:61,0
DA:62,0
DA:63,0
DA:65,0
DA:66,0
DA:67,0
DA:69,0
DA:70,0
DA:75,0
DA:76,0
DA:78,0
DA:79,0
DA:80,0
DA:87,0
DA:88,0
DA:92,0
DA:97,0
DA:98,0
DA:99,0
DA:101,0
DA:102,0
DA:106,0
DA:107,0
DA:108,0
DA:112,0
DA:113,0
DA:114,0
DA:118,0
DA:121,0
DA:122,0
DA:123,0
DA:129,0
DA:130,0
DA:131,0
DA:132,0
DA:133,0
DA:137,0
DA:140,0
DA:143,0
DA:146,0
DA:150,0
DA:154,0
DA:155,0
DA:157,0
DA:158,0
DA:160,0
DA:166,0
DA:167,0
DA:176,0
DA:177,0
DA:178,0
DA:179,0
DA:180,0
DA:181,0
DA:184,0
DA:185,0
DA:188,0
DA:191,0
DA:192,0
DA:193,0
DA:194,0
DA:195,0
DA:196,0
DA:197,0
DA:203,0
DA:204,0
DA:207,0
DA:208,0
DA:209,0
DA:210,0
DA:211,0
DA:217,0
DA:218,0
DA:219,0
DA:221,0
DA:222,0
DA:223,0
DA:225,0
DA:226,0
DA:227,0
DA:230,0
DA:232,0
DA:235,0
DA:236,0
DA:237,0
DA:238,0
DA:241,0
DA:242,0
DA:245,0
DA:256,0
DA:262,0
DA:263,0
DA:265,0
DA:267,0
DA:270,0
DA:271,0
DA:272,0
DA:278,0
DA:279,0
DA:280,0
DA:286,0
DA:287,0
DA:288,0
DA:289,0
DA:291,0
DA:292,0
DA:293,0
DA:294,0
DA:296,0
DA:297,0
DA:298,0
DA:299,0
DA:300,0
DA:302,0
DA:305,0
DA:306,0
DA:307,0
DA:311,0
DA:312,0
DA:315,0
DA:316,0
DA:317,0
DA:318,0
DA:324,0
DA:325,0
DA:326,0
DA:327,0
DA:328,0
DA:332,0
DA:335,0
DA:341,0
DA:342,0
DA:343,0
LF:155
LH:0
BRDA:4,0,0,0
BRDA:15,1,0,0
BRDA:15,1,1,0
BRDA:19,2,0,0
BRDA:19,2,1,0
BRDA:24,3,0,0
BRDA:24,3,1,0
BRDA:31,4,0,0
BRDA:31,4,1,0
BRDA:54,5,0,0
BRDA:54,5,1,0
BRDA:65,6,0,0
BRDA:65,6,1,0
BRDA:87,7,0,0
BRDA:87,7,1,0
BRDA:87,8,0,0
BRDA:87,8,1,0
BRDA:87,8,2,0
BRDA:101,9,0,0
BRDA:101,9,1,0
BRDA:106,10,0,0
BRDA:106,10,1,0
BRDA:112,11,0,0
BRDA:112,11,1,0
BRDA:155,12,0,0
BRDA:155,12,1,0
BRDA:157,13,0,0
BRDA:157,13,1,0
BRDA:166,14,0,0
BRDA:166,14,1,0
BRDA:191,15,0,0
BRDA:191,15,1,0
BRDA:193,16,0,0
BRDA:193,16,1,0
BRDA:203,17,0,0
BRDA:203,17,1,0
BRDA:207,18,0,0
BRDA:207,18,1,0
BRDA:209,19,0,0
BRDA:209,19,1,0
BRDA:217,20,0,0
BRDA:217,20,1,0
BRDA:225,21,0,0
BRDA:225,21,1,0
BRDA:225,22,0,0
BRDA:225,22,1,0
BRDA:225,22,2,0
BRDA:242,23,0,0
BRDA:242,23,1,0
BRDA:270,24,0,0
BRDA:270,24,1,0
BRDA:279,25,0,0
BRDA:279,25,1,0
BRDA:291,26,0,0
BRDA:291,26,1,0
BRDA:291,27,0,0
BRDA:291,27,1,0
BRDA:294,28,0,0
BRDA:294,28,1,0
BRDA:296,29,0,0
BRDA:296,29,1,0
BRDA:296,30,0,0
BRDA:296,30,1,0
BRDA:311,31,0,0
BRDA:311,31,1,0
BRDA:311,32,0,0
BRDA:311,32,1,0
BRF:67
BRH:0
end_of_record
TN:
SF:dashboard/templates.js
FN:8,updateAttachmentsList
FN:22,(anonymous_1)
FN:48,(anonymous_2)
FN:59,initializeTemplatesManagement
FN:72,(anonymous_4)
FN:80,(anonymous_5)
FN:108,(anonymous_6)
FN:116,readFileAsBase64
FN:117,(anonymous_8)
FN:120,(anonymous_9)
FN:126,(anonymous_10)
FN:135,(anonymous_11)
FN:183,(anonymous_12)
FN:200,(anonymous_13)
FN:208,(anonymous_14)
FN:220,(anonymous_15)
FN:232,(anonymous_16)
FN:241,(anonymous_17)
FN:261,(anonymous_18)
FN:289,(anonymous_19)
FN:298,(anonymous_20)
FN:325,(anonymous_21)
FN:327,(anonymous_22)
FN:351,updateSidebarTemplates
FN:363,(anonymous_24)
FN:374,(anonymous_25)
FN:376,(anonymous_26)
FN:384,(anonymous_27)
FN:393,(anonymous_28)
FN:410,loadTemplateForEditing
FN:443,resetTemplateForm
FN:469,saveTemplates
FN:482,(anonymous_32)
FN:492,(anonymous_33)
FN:501,escapeHtml
FN:512,initEmojiPicker
FN:528,populateEmojis
FN:530,(anonymous_37)
FN:534,(anonymous_38)
FN:560,(anonymous_39)
FN:566,(anonymous_40)
FN:574,(anonymous_41)
FNF:42
FNH:0
FNDA:0,updateAttachmentsList
FNDA:0,(anonymous_1)
FNDA:0,(anonymous_2)
FNDA:0,initializeTemplatesManagement
FNDA:0,(anonymous_4)
FNDA:0,(anonymous_5)
FNDA:0,(anonymous_6)
FNDA:0,readFileAsBase64
FNDA:0,(anonymous_8)
FNDA:0,(anonymous_9)
FNDA:0,(anonymous_10)
FNDA:0,(anonymous_11)
FNDA:0,(anonymous_12)
FNDA:0,(anonymous_13)
FNDA:0,(anonymous_14)
FNDA:0,(anonymous_15)
FNDA:0,(anonymous_16)
FNDA:0,(anonymous_17)
FNDA:0,(anonymous_18)
FNDA:0,(anonymous_19)
FNDA:0,(anonymous_20)
FNDA:0,(anonymous_21)
FNDA:0,(anonymous_22)
FNDA:0,updateSidebarTemplates
FNDA:0,(anonymous_24)
FNDA:0,(anonymous_25)
FNDA:0,(anonymous_26)
FNDA:0,(anonymous_27)
FNDA:0,(anonymous_28)
FNDA:0,loadTemplateForEditing
FNDA:0,resetTemplateForm
FNDA:0,saveTemplates
FNDA:0,(anonymous_32)
FNDA:0,(anonymous_33)
FNDA:0,escapeHtml
FNDA:0,initEmojiPicker
FNDA:0,populateEmojis
FNDA:0,(anonymous_37)
FNDA:0,(anonymous_38)
FNDA:0,(anonymous_39)
FNDA:0,(anonymous_40)
FNDA:0,(anonymous_41)
DA:1,0
DA:4,0
DA:5,0
DA:9,0
DA:10,0
DA:13,0
DA:15,0
DA:17,0
DA:18,0
DA:22,0
DA:23,0
DA:24,0
DA:27,0
DA:28,0
DA:32,0
DA:46,0
DA:47,0
DA:48,0
DA:49,0
DA:50,0
DA:51,0
DA:55,0
DA:60,0
DA:63,0
DA:66,0
DA:67,0
DA:68,0
DA:71,0
DA:72,0
DA:73,0
DA:78,0
DA:79,0
DA:80,0
DA:81,0
DA:82,0
DA:84,0
DA:85,0
DA:86,0
DA:89,0
DA:90,0
DA:93,0
DA:96,0
DA:99,0
DA:102,0
DA:105,0
DA:108,0
DA:109,0
DA:117,0
DA:118,0
DA:120,0
DA:122,0
DA:123,0
DA:126,0
DA:127,0
DA:130,0
DA:134,0
DA:135,0
DA:136,0
DA:138,0
DA:141,0
DA:142,0
DA:143,0
DA:144,0
DA:148,0
DA:149,0
DA:150,0
DA:151,0
DA:154,0
DA:156,0
DA:159,0
DA:167,0
DA:170,0
DA:172,0
DA:173,0
DA:179,0
DA:180,0
DA:182,0
DA:183,0
DA:184,0
DA:185,0
DA:186,0
DA:187,0
DA:188,0
DA:190,0
DA:191,0
DA:192,0
DA:198,0
DA:199,0
DA:200,0
DA:202,0
DA:203,0
DA:204,0
DA:208,0
DA:209,0
DA:211,0
DA:212,0
DA:213,0
DA:217,0
DA:220,0
DA:221,0
DA:227,0
DA:228,0
DA:231,0
DA:232,0
DA:233,0
DA:234,0
DA:235,0
DA:240,0
DA:241,0
DA:242,0
DA:244,0
DA:245,0
DA:246,0
DA:247,0
DA:249,0
DA:250,0
DA:251,0
DA:254,0
DA:256,0
DA:258,0
DA:261,0
DA:262,0
DA:263,0
DA:264,0
DA:268,0
DA:277,0
DA:280,0
DA:286,0
DA:289,0
DA:290,0
DA:291,0
DA:292,0
DA:298,0
DA:299,0
DA:300,0
DA:304,0
DA:312,0
DA:313,0
DA:316,0
DA:319,0
DA:322,0
DA:325,0
DA:327,0
DA:328,0
DA:331,0
DA:334,0
DA:335,0
DA:336,0
DA:340,0
DA:341,0
DA:342,0
DA:352,0
DA:353,0
DA:354,0
DA:355,0
DA:356,0
DA:360,0
DA:363,0
DA:364,0
DA:365,0
DA:366,0
DA:368,0
DA:374,0
DA:376,0
DA:377,0
DA:381,0
DA:384,0
DA:385,0
DA:387,0
DA:388,0
DA:389,0
DA:393,0
DA:394,0
DA:396,0
DA:397,0
DA:398,0
DA:402,0
DA:405,0
DA:411,0
DA:412,0
DA:413,0
DA:414,0
DA:415,0
DA:416,0
DA:417,0
DA:418,0
DA:421,0
DA:422,0
DA:423,0
DA:424,0
DA:427,0
DA:428,0
DA:431,0
DA:432,0
DA:435,0
DA:436,0
DA:439,0
DA:444,0
DA:445,0
DA:446,0
DA:447,0
DA:448,0
DA:449,0
DA:450,0
DA:453,0
DA:454,0
DA:457,0
DA:458,0
DA:461,0
DA:464,0
DA:465,0
DA:471,0
DA:472,0
DA:474,0
DA:475,0
DA:476,0
DA:477,0
DA:480,0
DA:482,0
DA:483,0
DA:486,0
DA:489,0
DA:490,0
DA:492,0
DA:493,0
DA:495,0
DA:502,0
DA:503,0
DA:513,0
DA:514,0
DA:515,0
DA:516,0
DA:517,0
DA:520,0
DA:529,0
DA:530,0
DA:531,0
DA:532,0
DA:533,0
DA:534,0
DA:535,0
DA:536,0
DA:539,0
DA:540,0
DA:542,0
DA:543,0
DA:544,0
DA:546,0
DA:548,0
DA:552,0
DA:557,0
DA:560,0
DA:561,0
DA:562,0
DA:566,0
DA:567,0
DA:568,0
DA:574,0
DA:575,0
DA:576,0
LF:260
LH:0
BRDA:10,0,0,0
BRDA:10,0,1,0
BRDA:15,1,0,0
BRDA:15,1,1,0
BRDA:15,2,0,0
BRDA:15,2,1,0
BRDA:28,3,0,0
BRDA:28,3,1,0
BRDA:47,4,0,0
BRDA:47,4,1,0
BRDA:71,5,0,0
BRDA:71,5,1,0
BRDA:71,6,0,0
BRDA:71,6,1,0
BRDA:79,7,0,0
BRDA:79,7,1,0
BRDA:84,8,0,0
BRDA:84,8,1,0
BRDA:89,9,0,0
BRDA:89,9,1,0
BRDA:134,10,0,0
BRDA:134,10,1,0
BRDA:134,11,0,0
BRDA:134,11,1,0
BRDA:136,12,0,0
BRDA:136,12,1,0
BRDA:136,13,0,0
BRDA:136,13,1,0
BRDA:141,14,0,0
BRDA:141,14,1,0
BRDA:148,15,0,0
BRDA:148,15,1,0
BRDA:182,16,0,0
BRDA:182,16,1,0
BRDA:185,17,0,0
BRDA:185,17,1,0
BRDA:185,18,0,0
BRDA:185,18,1,0
BRDA:185,18,2,0
BRDA:199,19,0,0
BRDA:199,19,1,0
BRDA:202,20,0,0
BRDA:202,20,1,0
BRDA:212,21,0,0
BRDA:212,21,1,0
BRDA:231,22,0,0
BRDA:231,22,1,0
BRDA:234,23,0,0
BRDA:234,23,1,0
BRDA:240,24,0,0
BRDA:240,24,1,0
BRDA:249,25,0,0
BRDA:249,25,1,0
BRDA:249,26,0,0
BRDA:249,26,1,0
BRDA:256,27,0,0
BRDA:256,27,1,0
BRDA:261,28,0,0
BRDA:261,28,1,0
BRDA:262,29,0,0
BRDA:262,29,1,0
BRDA:271,30,0,0
BRDA:271,30,1,0
BRDA:272,31,0,0
BRDA:272,31,1,0
BRDA:291,32,0,0
BRDA:291,32,1,0
BRDA:298,33,0,0
BRDA:298,33,1,0
BRDA:307,34,0,0
BRDA:307,34,1,0
BRDA:308,35,0,0
BRDA:308,35,1,0
BRDA:335,36,0,0
BRDA:335,36,1,0
BRDA:341,37,0,0
BRDA:341,37,1,0
BRDA:354,38,0,0
BRDA:354,38,1,0
BRDA:369,39,0,0
BRDA:369,39,1,0
BRDA:388,40,0,0
BRDA:388,40,1,0
BRDA:397,41,0,0
BRDA:397,41,1,0
BRDA:421,42,0,0
BRDA:421,42,1,0
BRDA:422,43,0,0
BRDA:422,43,1,0
BRDA:423,44,0,0
BRDA:423,44,1,0
BRDA:424,45,0,0
BRDA:424,45,1,0
BRDA:427,46,0,0
BRDA:427,46,1,0
BRDA:474,47,0,0
BRDA:474,47,1,0
BRDA:483,48,0,0
BRDA:483,48,1,0
BRDA:502,49,0,0
BRDA:502,49,1,0
BRDA:540,50,0,0
BRDA:540,50,1,0
BRDA:543,51,0,0
BRDA:543,51,1,0
BRDA:567,52,0,0
BRDA:567,52,1,0
BRDA:567,53,0,0
BRDA:567,53,1,0
BRF:109
BRH:0
end_of_record
TN:
SF:utils/notifications.js
FN:5,createToastContainer
FN:15,showToast
FN:28,(anonymous_2)
FN:35,(anonymous_3)
FN:38,(anonymous_4)
FN:42,removeToast
FN:44,(anonymous_6)
FN:49,(anonymous_7)
FN:50,(anonymous_8)
FN:51,(anonymous_9)
FN:52,(anonymous_10)
FNF:11
FNH:0
FNDA:0,createToastContainer
FNDA:0,showToast
FNDA:0,(anonymous_2)
FNDA:0,(anonymous_3)
FNDA:0,(anonymous_4)
FNDA:0,removeToast
FNDA:0,(anonymous_6)
FNDA:0,(anonymous_7)
FNDA:0,(anonymous_8)
FNDA:0,(anonymous_9)
FNDA:0,(anonymous_10)
DA:2,0
DA:6,0
DA:7,0
DA:8,0
DA:9,0
DA:11,0
DA:16,0
DA:18,0
DA:19,0
DA:21,0
DA:22,0
DA:23,0
DA:25,0
DA:26,0
DA:27,0
DA:28,0
DA:30,0
DA:31,0
DA:32,0
DA:35,0
DA:38,0
DA:43,0
DA:44,0
DA:48,0
DA:49,0
DA:50,0
DA:51,0
DA:52,0
DA:56,0
DA:57,0
DA:58,0
DA:59,0
DA:62,0
DA:63,0
DA:126,0
LF:35
LH:0
BRDA:6,0,0,0
BRDA:6,0,1,0
BRDA:15,1,0,0
BRF:3
BRH:0
end_of_record
